<?xml version="1.0" encoding="UTF-8"?>
<testsuite name="ch.fhnw.wodss.backend.businesslogic.CommunityServiceTest" tests="26" skipped="0" failures="0" errors="0" timestamp="2018-05-28T11:52:55" hostname="Tiagos-MacBook-Pro" time="0.211">
  <properties/>
  <testcase name="acceptJoinRequest_communityIdDoesNotExist" classname="ch.fhnw.wodss.backend.businesslogic.CommunityServiceTest" time="0.011"/>
  <testcase name="deleteMember_illegalAccess" classname="ch.fhnw.wodss.backend.businesslogic.CommunityServiceTest" time="0.004"/>
  <testcase name="deleteJoinRequest_byCreator_ok" classname="ch.fhnw.wodss.backend.businesslogic.CommunityServiceTest" time="0.006"/>
  <testcase name="createJoinRequest_alreadyMember" classname="ch.fhnw.wodss.backend.businesslogic.CommunityServiceTest" time="0.007"/>
  <testcase name="create_nameTooShort" classname="ch.fhnw.wodss.backend.businesslogic.CommunityServiceTest" time="0.012"/>
  <testcase name="acceptJoinRequest_memberNotInRequestorList" classname="ch.fhnw.wodss.backend.businesslogic.CommunityServiceTest" time="0.005"/>
  <testcase name="deleteJoinRequest_requesterIdDoesNotExist" classname="ch.fhnw.wodss.backend.businesslogic.CommunityServiceTest" time="0.004"/>
  <testcase name="acceptJoinRequest_ok" classname="ch.fhnw.wodss.backend.businesslogic.CommunityServiceTest" time="0.011"/>
  <testcase name="findAll_ok" classname="ch.fhnw.wodss.backend.businesslogic.CommunityServiceTest" time="0.008"/>
  <testcase name="delete_ok" classname="ch.fhnw.wodss.backend.businesslogic.CommunityServiceTest" time="0.007"/>
  <testcase name="deleteJoinRequest_byRequester_ok" classname="ch.fhnw.wodss.backend.businesslogic.CommunityServiceTest" time="0.006"/>
  <testcase name="create_nameTooLong" classname="ch.fhnw.wodss.backend.businesslogic.CommunityServiceTest" time="0.005"/>
  <testcase name="deleteJoinRequest_illegalAccess" classname="ch.fhnw.wodss.backend.businesslogic.CommunityServiceTest" time="0.006"/>
  <testcase name="createJoinRequest_alreadyRequested" classname="ch.fhnw.wodss.backend.businesslogic.CommunityServiceTest" time="0.006"/>
  <testcase name="createJoinRequest_idDoesNotExist" classname="ch.fhnw.wodss.backend.businesslogic.CommunityServiceTest" time="0.006"/>
  <testcase name="create_ok" classname="ch.fhnw.wodss.backend.businesslogic.CommunityServiceTest" time="0.006"/>
  <testcase name="delete_illegalUser" classname="ch.fhnw.wodss.backend.businesslogic.CommunityServiceTest" time="0.005"/>
  <testcase name="deleteMember_communityIdDoesNotExist" classname="ch.fhnw.wodss.backend.businesslogic.CommunityServiceTest" time="0.004"/>
  <testcase name="acceptJoinRequest_notCreator" classname="ch.fhnw.wodss.backend.businesslogic.CommunityServiceTest" time="0.006"/>
  <testcase name="createJoinRequest_ok" classname="ch.fhnw.wodss.backend.businesslogic.CommunityServiceTest" time="0.005"/>
  <testcase name="deleteMember_byCreator_ok" classname="ch.fhnw.wodss.backend.businesslogic.CommunityServiceTest" time="0.005"/>
  <testcase name="delete_idDoesNotExist" classname="ch.fhnw.wodss.backend.businesslogic.CommunityServiceTest" time="0.006"/>
  <testcase name="acceptJoinRequest_memberIdNull" classname="ch.fhnw.wodss.backend.businesslogic.CommunityServiceTest" time="0.005"/>
  <testcase name="deleteMember_memberIdNotInMembers" classname="ch.fhnw.wodss.backend.businesslogic.CommunityServiceTest" time="0.005"/>
  <testcase name="deleteMember_byMember_ok" classname="ch.fhnw.wodss.backend.businesslogic.CommunityServiceTest" time="0.006"/>
  <testcase name="deleteJoinRequest_commutnityIdDoesNotExist" classname="ch.fhnw.wodss.backend.businesslogic.CommunityServiceTest" time="0.003"/>
  <system-out><![CDATA[2018-05-28 13:52:53.188  INFO 46815 --- [    Test worker] .b.t.c.SpringBootTestContextBootstrapper : Neither @ContextConfiguration nor @ContextHierarchy found for test class [ch.fhnw.wodss.backend.businesslogic.CommunityServiceTest], using SpringBootContextLoader
2018-05-28 13:52:53.189  INFO 46815 --- [    Test worker] o.s.t.c.support.AbstractContextLoader    : Could not detect default resource locations for test class [ch.fhnw.wodss.backend.businesslogic.CommunityServiceTest]: no resource found for suffixes {-context.xml, Context.groovy}.
2018-05-28 13:52:53.192  INFO 46815 --- [    Test worker] .b.t.c.SpringBootTestContextBootstrapper : Loaded default TestExecutionListener class names from location [META-INF/spring.factories]: [org.springframework.security.test.context.support.WithSecurityContextTestExecutionListener, org.springframework.security.test.context.support.ReactorContextTestExecutionListener, org.springframework.boot.test.autoconfigure.restdocs.RestDocsTestExecutionListener, org.springframework.boot.test.autoconfigure.web.client.MockRestServiceServerResetTestExecutionListener, org.springframework.boot.test.autoconfigure.web.servlet.MockMvcPrintOnlyOnFailureTestExecutionListener, org.springframework.boot.test.autoconfigure.web.servlet.WebDriverTestExecutionListener, org.springframework.boot.test.mock.mockito.MockitoTestExecutionListener, org.springframework.boot.test.mock.mockito.ResetMocksTestExecutionListener, org.springframework.test.context.web.ServletTestExecutionListener, org.springframework.test.context.support.DirtiesContextBeforeModesTestExecutionListener, org.springframework.test.context.support.DependencyInjectionTestExecutionListener, org.springframework.test.context.support.DirtiesContextTestExecutionListener, org.springframework.test.context.transaction.TransactionalTestExecutionListener, org.springframework.test.context.jdbc.SqlScriptsTestExecutionListener]
2018-05-28 13:52:53.193  INFO 46815 --- [    Test worker] .b.t.c.SpringBootTestContextBootstrapper : Using TestExecutionListeners: [org.springframework.test.context.web.ServletTestExecutionListener@60cd97a8, org.springframework.test.context.support.DirtiesContextBeforeModesTestExecutionListener@4e275533, org.springframework.boot.test.mock.mockito.MockitoTestExecutionListener@7d53bda5, org.springframework.boot.test.autoconfigure.SpringBootDependencyInjectionTestExecutionListener@1cd79e92, org.springframework.test.context.support.DirtiesContextTestExecutionListener@10ab3a77, org.springframework.test.context.transaction.TransactionalTestExecutionListener@64d17b9c, org.springframework.test.context.jdbc.SqlScriptsTestExecutionListener@48f4c36, org.springframework.security.test.context.support.WithSecurityContextTestExecutionListener@240c613b, org.springframework.security.test.context.support.ReactorContextTestExecutionListener@6d3d8f4f, org.springframework.boot.test.autoconfigure.restdocs.RestDocsTestExecutionListener@25f04ef, org.springframework.boot.test.autoconfigure.web.client.MockRestServiceServerResetTestExecutionListener@7ccf066e, org.springframework.boot.test.autoconfigure.web.servlet.MockMvcPrintOnlyOnFailureTestExecutionListener@3b0da575, org.springframework.boot.test.autoconfigure.web.servlet.WebDriverTestExecutionListener@3a4b12ac, org.springframework.boot.test.mock.mockito.ResetMocksTestExecutionListener@40491176]
2018-05-28 13:52:53.214  INFO 46815 --- [    Test worker] c.f.w.b.b.CommunityServiceTest           : Starting CommunityServiceTest on Tiagos-MacBook-Pro with PID 46815 (started by tiago in /Users/tiago/CloudStation/home/Documents/FHNW/Modules/6. Semester/_workspace/wodss-backend)
2018-05-28 13:52:53.215  INFO 46815 --- [    Test worker] c.f.w.b.b.CommunityServiceTest           : No active profile set, falling back to default profiles: default
2018-05-28 13:52:53.218  INFO 46815 --- [    Test worker] o.s.w.c.s.GenericWebApplicationContext   : Refreshing org.springframework.web.context.support.GenericWebApplicationContext@160c7123: startup date [Mon May 28 13:52:53 CEST 2018]; root of context hierarchy
2018-05-28 13:52:53.865  INFO 46815 --- [    Test worker] trationDelegate$BeanPostProcessorChecker : Bean 'org.springframework.transaction.annotation.ProxyTransactionManagementConfiguration' of type [org.springframework.transaction.annotation.ProxyTransactionManagementConfiguration$$EnhancerBySpringCGLIB$$1d23fd52] is not eligible for getting processed by all BeanPostProcessors (for example: not eligible for auto-proxying)
2018-05-28 13:52:53.985  INFO 46815 --- [    Test worker] com.zaxxer.hikari.HikariDataSource       : HikariPool-7 - Starting...
2018-05-28 13:52:53.986  INFO 46815 --- [    Test worker] com.zaxxer.hikari.HikariDataSource       : HikariPool-7 - Start completed.
2018-05-28 13:52:54.011  INFO 46815 --- [    Test worker] j.LocalContainerEntityManagerFactoryBean : Building JPA container EntityManagerFactory for persistence unit 'default'
2018-05-28 13:52:54.011  INFO 46815 --- [    Test worker] o.hibernate.jpa.internal.util.LogHelper  : HHH000204: Processing PersistenceUnitInfo [
	name: default
	...]
2018-05-28 13:52:54.023  INFO 46815 --- [    Test worker] org.hibernate.dialect.Dialect            : HHH000400: Using dialect: org.hibernate.dialect.H2Dialect
2018-05-28 13:52:54.132  INFO 46815 --- [    Test worker] o.h.t.schema.internal.SchemaCreatorImpl  : HHH000476: Executing import script 'org.hibernate.tool.schema.internal.exec.ScriptSourceInputNonExistentImpl@2cc3b7c8'
2018-05-28 13:52:54.133  INFO 46815 --- [    Test worker] j.LocalContainerEntityManagerFactoryBean : Initialized JPA EntityManagerFactory for persistence unit 'default'
2018-05-28 13:52:54.172  INFO 46815 --- [    Test worker] o.s.jdbc.datasource.init.ScriptUtils     : Executing SQL script from URL [file:/Users/tiago/CloudStation/home/Documents/FHNW/Modules/6.%20Semester/_workspace/wodss-backend/build/resources/main/data.sql]
2018-05-28 13:52:54.188  INFO 46815 --- [    Test worker] o.s.jdbc.datasource.init.ScriptUtils     : Executed SQL script from URL [file:/Users/tiago/CloudStation/home/Documents/FHNW/Modules/6.%20Semester/_workspace/wodss-backend/build/resources/main/data.sql] in 16 ms.
2018-05-28 13:52:54.678  WARN 46815 --- [    Test worker] aWebConfiguration$JpaWebMvcConfiguration : spring.jpa.open-in-view is enabled by default. Therefore, database queries may be performed during view rendering. Explicitly configure spring.jpa.open-in-view to disable this warning
2018-05-28 13:52:54.714  INFO 46815 --- [    Test worker] s.w.s.m.m.a.RequestMappingHandlerMapping : Mapped "{[/registrieren || /passwortvergessen || /tipps || /gruppen || /rangliste || /profil || /ergebnisse]}" onto public java.lang.String ch.fhnw.wodss.backend.web.FrontendController.frontend()
2018-05-28 13:52:54.716  INFO 46815 --- [    Test worker] s.w.s.m.m.a.RequestMappingHandlerMapping : Mapped "{[/api/bets/{id}],methods=[PUT]}" onto public org.springframework.http.ResponseEntity<ch.fhnw.wodss.backend.messaging.UpdateMessage> ch.fhnw.wodss.backend.web.rest.BetController.update(java.lang.Long,ch.fhnw.wodss.backend.dto.BetChangeDto)
2018-05-28 13:52:54.717  INFO 46815 --- [    Test worker] s.w.s.m.m.a.RequestMappingHandlerMapping : Mapped "{[/api/bets],methods=[POST]}" onto public org.springframework.http.ResponseEntity<ch.fhnw.wodss.backend.messaging.UpdateMessage> ch.fhnw.wodss.backend.web.rest.BetController.create(ch.fhnw.wodss.backend.dto.BetDto)
2018-05-28 13:52:54.718  INFO 46815 --- [    Test worker] s.w.s.m.m.a.RequestMappingHandlerMapping : Mapped "{[/api/bets],methods=[GET]}" onto public org.springframework.http.ResponseEntity<java.util.List<ch.fhnw.wodss.backend.dto.BetDto>> ch.fhnw.wodss.backend.web.rest.BetController.findAll()
2018-05-28 13:52:54.720  INFO 46815 --- [    Test worker] s.w.s.m.m.a.RequestMappingHandlerMapping : Mapped "{[/api/communities/{id}],methods=[DELETE]}" onto public org.springframework.http.ResponseEntity<ch.fhnw.wodss.backend.messaging.UpdateMessage> ch.fhnw.wodss.backend.web.rest.CommunityController.delete(java.lang.Long)
2018-05-28 13:52:54.720  INFO 46815 --- [    Test worker] s.w.s.m.m.a.RequestMappingHandlerMapping : Mapped "{[/api/communities],methods=[POST]}" onto public org.springframework.http.ResponseEntity<ch.fhnw.wodss.backend.messaging.UpdateMessage> ch.fhnw.wodss.backend.web.rest.CommunityController.create(ch.fhnw.wodss.backend.dto.CommunityCreateDto)
2018-05-28 13:52:54.721  INFO 46815 --- [    Test worker] s.w.s.m.m.a.RequestMappingHandlerMapping : Mapped "{[/api/communities],methods=[GET]}" onto public org.springframework.http.ResponseEntity<java.util.List<ch.fhnw.wodss.backend.dto.CommunityDataDto>> ch.fhnw.wodss.backend.web.rest.CommunityController.findAll()
2018-05-28 13:52:54.721  INFO 46815 --- [    Test worker] s.w.s.m.m.a.RequestMappingHandlerMapping : Mapped "{[/api/communities/{communityId}/joinrequests],methods=[POST]}" onto public org.springframework.http.ResponseEntity<ch.fhnw.wodss.backend.messaging.UpdateMessage> ch.fhnw.wodss.backend.web.rest.CommunityController.createJoinRequest(java.lang.Long)
2018-05-28 13:52:54.721  INFO 46815 --- [    Test worker] s.w.s.m.m.a.RequestMappingHandlerMapping : Mapped "{[/api/communities/{communityId}/joinrequests/{joinRequesterId}],methods=[DELETE]}" onto public org.springframework.http.ResponseEntity<ch.fhnw.wodss.backend.messaging.UpdateMessage> ch.fhnw.wodss.backend.web.rest.CommunityController.deleteJoinRequest(java.lang.Long,java.lang.Long)
2018-05-28 13:52:54.722  INFO 46815 --- [    Test worker] s.w.s.m.m.a.RequestMappingHandlerMapping : Mapped "{[/api/communities/{communityId}/members],methods=[POST]}" onto public org.springframework.http.ResponseEntity<ch.fhnw.wodss.backend.messaging.UpdateMessage> ch.fhnw.wodss.backend.web.rest.CommunityController.acceptJoinRequest(java.lang.Long,ch.fhnw.wodss.backend.dto.CommunityChangeDto)
2018-05-28 13:52:54.722  INFO 46815 --- [    Test worker] s.w.s.m.m.a.RequestMappingHandlerMapping : Mapped "{[/api/communities/{communityId}/members/{memberId}],methods=[DELETE]}" onto public org.springframework.http.ResponseEntity<ch.fhnw.wodss.backend.messaging.UpdateMessage> ch.fhnw.wodss.backend.web.rest.CommunityController.deleteMember(java.lang.Long,java.lang.Long)
2018-05-28 13:52:54.723  INFO 46815 --- [    Test worker] s.w.s.m.m.a.RequestMappingHandlerMapping : Mapped "{[/api/matches/{id}],methods=[PUT]}" onto public org.springframework.http.ResponseEntity<ch.fhnw.wodss.backend.messaging.UpdateMessage> ch.fhnw.wodss.backend.web.rest.MatchController.update(java.lang.Long,ch.fhnw.wodss.backend.dto.MatchChangeDto)
2018-05-28 13:52:54.723  INFO 46815 --- [    Test worker] s.w.s.m.m.a.RequestMappingHandlerMapping : Mapped "{[/api/matches],methods=[GET]}" onto public org.springframework.http.ResponseEntity<java.util.List<ch.fhnw.wodss.backend.dto.MatchDto>> ch.fhnw.wodss.backend.web.rest.MatchController.findAll()
2018-05-28 13:52:54.724  INFO 46815 --- [    Test worker] s.w.s.m.m.a.RequestMappingHandlerMapping : Mapped "{[/api/teams],methods=[GET]}" onto public org.springframework.http.ResponseEntity<java.util.List<ch.fhnw.wodss.backend.dto.TeamDto>> ch.fhnw.wodss.backend.web.rest.TeamController.findAll()
2018-05-28 13:52:54.725  INFO 46815 --- [    Test worker] s.w.s.m.m.a.RequestMappingHandlerMapping : Mapped "{[/api/users],methods=[POST]}" onto public org.springframework.http.ResponseEntity<ch.fhnw.wodss.backend.messaging.UpdateMessage> ch.fhnw.wodss.backend.web.rest.UserController.create(ch.fhnw.wodss.backend.dto.UserCreateDto)
2018-05-28 13:52:54.726  INFO 46815 --- [    Test worker] s.w.s.m.m.a.RequestMappingHandlerMapping : Mapped "{[/api/users],methods=[GET]}" onto public org.springframework.http.ResponseEntity<java.util.List<ch.fhnw.wodss.backend.dto.UserPublicDto>> ch.fhnw.wodss.backend.web.rest.UserController.findAll()
2018-05-28 13:52:54.726  INFO 46815 --- [    Test worker] s.w.s.m.m.a.RequestMappingHandlerMapping : Mapped "{[/api/users/{id}],methods=[GET]}" onto public org.springframework.http.ResponseEntity<ch.fhnw.wodss.backend.dto.UserPrivateDto> ch.fhnw.wodss.backend.web.rest.UserController.getOne(java.lang.Long)
2018-05-28 13:52:54.726  INFO 46815 --- [    Test worker] s.w.s.m.m.a.RequestMappingHandlerMapping : Mapped "{[/api/users/{id}],methods=[PUT]}" onto public org.springframework.http.ResponseEntity<ch.fhnw.wodss.backend.messaging.UpdateMessage> ch.fhnw.wodss.backend.web.rest.UserController.updateData(java.lang.Long,ch.fhnw.wodss.backend.dto.UserDataChangeDto)
2018-05-28 13:52:54.727  INFO 46815 --- [    Test worker] s.w.s.m.m.a.RequestMappingHandlerMapping : Mapped "{[/api/users/{id}],methods=[POST]}" onto public org.springframework.http.ResponseEntity<ch.fhnw.wodss.backend.dto.UserPrivateDto> ch.fhnw.wodss.backend.web.rest.UserController.updatePassword(java.lang.Long,ch.fhnw.wodss.backend.dto.UserPasswordChangeDto)
2018-05-28 13:52:54.727  INFO 46815 --- [    Test worker] s.w.s.m.m.a.RequestMappingHandlerMapping : Mapped "{[/api/users/passwordreset/request],methods=[POST]}" onto public org.springframework.http.ResponseEntity<java.lang.Void> ch.fhnw.wodss.backend.web.rest.UserController.resetPasswordRequest(ch.fhnw.wodss.backend.dto.UserPasswordResetRequestDto)
2018-05-28 13:52:54.727  INFO 46815 --- [    Test worker] s.w.s.m.m.a.RequestMappingHandlerMapping : Mapped "{[/api/users/passwordreset],methods=[POST]}" onto public org.springframework.http.ResponseEntity<java.lang.Void> ch.fhnw.wodss.backend.web.rest.UserController.resetPassword(ch.fhnw.wodss.backend.dto.UserPasswordResetDto)
2018-05-28 13:52:54.728  INFO 46815 --- [    Test worker] s.w.s.m.m.a.RequestMappingHandlerMapping : Mapped "{[/swagger-resources/configuration/security]}" onto public org.springframework.http.ResponseEntity<springfox.documentation.swagger.web.SecurityConfiguration> springfox.documentation.swagger.web.ApiResourceController.securityConfiguration()
2018-05-28 13:52:54.729  INFO 46815 --- [    Test worker] s.w.s.m.m.a.RequestMappingHandlerMapping : Mapped "{[/swagger-resources/configuration/ui]}" onto public org.springframework.http.ResponseEntity<springfox.documentation.swagger.web.UiConfiguration> springfox.documentation.swagger.web.ApiResourceController.uiConfiguration()
2018-05-28 13:52:54.729  INFO 46815 --- [    Test worker] s.w.s.m.m.a.RequestMappingHandlerMapping : Mapped "{[/swagger-resources]}" onto public org.springframework.http.ResponseEntity<java.util.List<springfox.documentation.swagger.web.SwaggerResource>> springfox.documentation.swagger.web.ApiResourceController.swaggerResources()
2018-05-28 13:52:54.730  INFO 46815 --- [    Test worker] s.w.s.m.m.a.RequestMappingHandlerMapping : Mapped "{[/error]}" onto public org.springframework.http.ResponseEntity<java.util.Map<java.lang.String, java.lang.Object>> org.springframework.boot.autoconfigure.web.servlet.error.BasicErrorController.error(javax.servlet.http.HttpServletRequest)
2018-05-28 13:52:54.731  INFO 46815 --- [    Test worker] s.w.s.m.m.a.RequestMappingHandlerMapping : Mapped "{[/error],produces=[text/html]}" onto public org.springframework.web.servlet.ModelAndView org.springframework.boot.autoconfigure.web.servlet.error.BasicErrorController.errorHtml(javax.servlet.http.HttpServletRequest,javax.servlet.http.HttpServletResponse)
2018-05-28 13:52:54.834  INFO 46815 --- [    Test worker] pertySourcedRequestMappingHandlerMapping : Mapped URL path [/api/swagger] onto method [public org.springframework.http.ResponseEntity<springfox.documentation.spring.web.json.Json> springfox.documentation.swagger2.web.Swagger2Controller.getDocumentation(java.lang.String,javax.servlet.http.HttpServletRequest)]
2018-05-28 13:52:54.907  INFO 46815 --- [    Test worker] o.s.s.concurrent.ThreadPoolTaskExecutor  : Initializing ExecutorService  'clientInboundChannelExecutor'
2018-05-28 13:52:54.914  INFO 46815 --- [    Test worker] o.s.s.concurrent.ThreadPoolTaskExecutor  : Initializing ExecutorService  'clientOutboundChannelExecutor'
2018-05-28 13:52:54.926  INFO 46815 --- [    Test worker] o.s.s.c.ThreadPoolTaskScheduler          : Initializing ExecutorService  'messageBrokerTaskScheduler'
2018-05-28 13:52:54.938  INFO 46815 --- [    Test worker] o.s.w.s.s.s.WebSocketHandlerMapping      : Mapped URL path [/api/stomp/**] onto handler of type [class org.springframework.web.socket.sockjs.support.SockJsHttpRequestHandler]
2018-05-28 13:52:54.947  INFO 46815 --- [    Test worker] o.s.s.concurrent.ThreadPoolTaskExecutor  : Initializing ExecutorService  'brokerChannelExecutor'
2018-05-28 13:52:55.074  INFO 46815 --- [    Test worker] o.s.s.w.a.c.ChannelProcessingFilter      : Validated configuration attributes
2018-05-28 13:52:55.100  INFO 46815 --- [    Test worker] o.s.s.web.DefaultSecurityFilterChain     : Creating filter chain: org.springframework.security.web.util.matcher.AnyRequestMatcher@1, [org.springframework.security.web.access.channel.ChannelProcessingFilter@706c1088, org.springframework.security.web.context.request.async.WebAsyncManagerIntegrationFilter@6553f8cd, org.springframework.security.web.context.SecurityContextPersistenceFilter@2b3da467, org.springframework.security.web.header.HeaderWriterFilter@13987e81, org.springframework.security.web.authentication.logout.LogoutFilter@1fe0cb0c, org.springframework.security.web.authentication.UsernamePasswordAuthenticationFilter@27fc0502, org.springframework.security.web.savedrequest.RequestCacheAwareFilter@2ea3eb50, org.springframework.security.web.servletapi.SecurityContextHolderAwareRequestFilter@7e1ff473, org.springframework.security.web.authentication.AnonymousAuthenticationFilter@1a8133d3, org.springframework.security.web.session.SessionManagementFilter@306a2e82, org.springframework.security.web.access.ExceptionTranslationFilter@1b53c911, org.springframework.security.web.access.intercept.FilterSecurityInterceptor@5fb3bf16]
2018-05-28 13:52:55.242  INFO 46815 --- [    Test worker] o.s.w.s.handler.SimpleUrlHandlerMapping  : Mapped URL path [/**/favicon.ico] onto handler of type [class org.springframework.web.servlet.resource.ResourceHttpRequestHandler]
2018-05-28 13:52:55.288  INFO 46815 --- [    Test worker] s.w.s.m.m.a.RequestMappingHandlerAdapter : Looking for @ControllerAdvice: org.springframework.web.context.support.GenericWebApplicationContext@160c7123: startup date [Mon May 28 13:52:53 CEST 2018]; root of context hierarchy
2018-05-28 13:52:55.313  INFO 46815 --- [    Test worker] o.s.w.s.handler.SimpleUrlHandlerMapping  : Mapped URL path [/webjars/**] onto handler of type [class org.springframework.web.servlet.resource.ResourceHttpRequestHandler]
2018-05-28 13:52:55.313  INFO 46815 --- [    Test worker] o.s.w.s.handler.SimpleUrlHandlerMapping  : Mapped URL path [/**] onto handler of type [class org.springframework.web.servlet.resource.ResourceHttpRequestHandler]
2018-05-28 13:52:55.323  INFO 46815 --- [    Test worker] .m.m.a.ExceptionHandlerExceptionResolver : Detected @ExceptionHandler methods in exceptionHandlerAdvice
2018-05-28 13:52:55.601  INFO 46815 --- [    Test worker] o.s.c.support.DefaultLifecycleProcessor  : Starting beans in phase 2147483647
2018-05-28 13:52:55.601  INFO 46815 --- [    Test worker] d.s.w.p.DocumentationPluginsBootstrapper : Context refreshed
2018-05-28 13:52:55.602  INFO 46815 --- [    Test worker] d.s.w.p.DocumentationPluginsBootstrapper : Found 1 custom documentation plugin(s)
2018-05-28 13:52:55.609  INFO 46815 --- [    Test worker] s.d.s.w.s.ApiListingReferenceScanner     : Scanning for api listing references
2018-05-28 13:52:55.631  INFO 46815 --- [    Test worker] .d.s.w.r.o.CachingOperationNameGenerator : Generating unique operation named: createUsingPOST_1
2018-05-28 13:52:55.640  INFO 46815 --- [    Test worker] .d.s.w.r.o.CachingOperationNameGenerator : Generating unique operation named: findAllUsingGET_1
2018-05-28 13:52:55.646  INFO 46815 --- [    Test worker] .d.s.w.r.o.CachingOperationNameGenerator : Generating unique operation named: findAllUsingGET_2
2018-05-28 13:52:55.651  INFO 46815 --- [    Test worker] .d.s.w.r.o.CachingOperationNameGenerator : Generating unique operation named: updateUsingPUT_1
2018-05-28 13:52:55.654  INFO 46815 --- [    Test worker] .d.s.w.r.o.CachingOperationNameGenerator : Generating unique operation named: findAllUsingGET_3
2018-05-28 13:52:55.656  INFO 46815 --- [    Test worker] .d.s.w.r.o.CachingOperationNameGenerator : Generating unique operation named: createUsingPOST_2
2018-05-28 13:52:55.658  INFO 46815 --- [    Test worker] .d.s.w.r.o.CachingOperationNameGenerator : Generating unique operation named: findAllUsingGET_4
2018-05-28 13:52:55.667  INFO 46815 --- [    Test worker] o.s.m.s.b.SimpleBrokerMessageHandler     : Starting...
2018-05-28 13:52:55.668  INFO 46815 --- [    Test worker] o.s.m.s.b.SimpleBrokerMessageHandler     : BrokerAvailabilityEvent[available=true, SimpleBrokerMessageHandler [DefaultSubscriptionRegistry[cache[0 destination(s)], registry[0 sessions]]]]
2018-05-28 13:52:55.669  INFO 46815 --- [    Test worker] o.s.m.s.b.SimpleBrokerMessageHandler     : Started.
2018-05-28 13:52:55.674  INFO 46815 --- [    Test worker] c.f.w.b.b.CommunityServiceTest           : Started CommunityServiceTest in 2.479 seconds (JVM running for 90.493)
2018-05-28 13:52:55.691  WARN 46815 --- [    Test worker] c.f.w.b.businesslogic.CommunityService   : Invalid community id received (uid=1)
2018-05-28 13:52:55.696  WARN 46815 --- [    Test worker] c.f.w.b.businesslogic.CommunityService   : User tried to access community without being creator (communityId=1, uid=4)
2018-05-28 13:52:55.696  WARN 46815 --- [    Test worker] c.f.w.b.businesslogic.CommunityService   : User tried to delete membership of other user (communityId=1, uid=4)
2018-05-28 13:52:55.708  WARN 46815 --- [    Test worker] c.f.w.b.businesslogic.CommunityService   : User is already member (communityId=1, uid=2)
2018-05-28 13:52:55.722  WARN 46815 --- [    Test worker] c.f.w.b.businesslogic.CommunityService   : Invalid CommunityCreateDto received (uid=1)
2018-05-28 13:52:55.730  WARN 46815 --- [    Test worker] c.f.w.b.businesslogic.CommunityService   : User to accept is not a join requester (communityId=1, uid=1)
2018-05-28 13:52:55.738  WARN 46815 --- [    Test worker] c.f.w.b.businesslogic.CommunityService   : User tried to access community without being creator (communityId=1, uid=3)
2018-05-28 13:52:55.738  WARN 46815 --- [    Test worker] c.f.w.b.businesslogic.CommunityService   : Invalid join requester id received (communityId=1, uid=3)
2018-05-28 13:52:55.745  INFO 46815 --- [    Test worker] c.f.w.b.businesslogic.CommunityService   : User 1 joined the community with id 1
2018-05-28 13:52:55.761  INFO 46815 --- [    Test worker] c.f.w.b.businesslogic.CommunityService   : Found 1 communities
2018-05-28 13:52:55.778  WARN 46815 --- [    Test worker] c.f.w.b.businesslogic.CommunityService   : User tried to access community without being creator (communityId=1, uid=3)
2018-05-28 13:52:55.786  WARN 46815 --- [    Test worker] c.f.w.b.businesslogic.CommunityService   : Invalid CommunityCreateDto received (uid=1)
2018-05-28 13:52:55.794  WARN 46815 --- [    Test worker] c.f.w.b.businesslogic.CommunityService   : User tried to access community without being creator (communityId=1, uid=4)
2018-05-28 13:52:55.794  WARN 46815 --- [    Test worker] c.f.w.b.businesslogic.CommunityService   : Tried to delete join request of other user (communityId=1, uid=4)
2018-05-28 13:52:55.803  WARN 46815 --- [    Test worker] c.f.w.b.businesslogic.CommunityService   : User is already join requester (communityId=1, uid=3)
2018-05-28 13:52:55.810  WARN 46815 --- [    Test worker] c.f.w.b.businesslogic.CommunityService   : Invalid community id received (uid=3)
2018-05-28 13:52:55.826  INFO 46815 --- [    Test worker] c.f.w.b.businesslogic.CommunityService   : Created community with id 2
2018-05-28 13:52:55.835  WARN 46815 --- [    Test worker] c.f.w.b.businesslogic.CommunityService   : User tried to access community without being creator (communityId=1, uid=4)
2018-05-28 13:52:55.840  WARN 46815 --- [    Test worker] c.f.w.b.businesslogic.CommunityService   : Invalid community id received (uid=1)
2018-05-28 13:52:55.846  WARN 46815 --- [    Test worker] c.f.w.b.businesslogic.CommunityService   : User tried to access community without being creator (communityId=1, uid=4)
2018-05-28 13:52:55.852  INFO 46815 --- [    Test worker] c.f.w.b.businesslogic.CommunityService   : Added user 4 as JoinRequester for community 1
2018-05-28 13:52:55.864  WARN 46815 --- [    Test worker] c.f.w.b.businesslogic.CommunityService   : Invalid community id received (uid=1)
2018-05-28 13:52:55.873  WARN 46815 --- [    Test worker] c.f.w.b.businesslogic.CommunityService   : Invalid CommunityChangeDto received (uid=1)
2018-05-28 13:52:55.879  WARN 46815 --- [    Test worker] c.f.w.b.businesslogic.CommunityService   : The provided member id is not existing (communityId=1, uid=1)
2018-05-28 13:52:55.885  WARN 46815 --- [    Test worker] c.f.w.b.businesslogic.CommunityService   : User tried to access community without being creator (communityId=1, uid=2)
2018-05-28 13:52:55.892  WARN 46815 --- [    Test worker] c.f.w.b.businesslogic.CommunityService   : Invalid community id received (uid=3)
]]></system-out>
  <system-err><![CDATA[]]></system-err>
</testsuite>
