<?xml version="1.0" encoding="UTF-8"?>
<testsuite name="ch.fhnw.wodss.backend.businesslogic.UserServiceTest" tests="24" skipped="0" failures="0" errors="0" timestamp="2018-05-28T11:52:08" hostname="Tiagos-MacBook-Pro" time="44.311">
  <properties/>
  <testcase name="updatePassword_idDoesNotExist" classname="ch.fhnw.wodss.backend.businesslogic.UserServiceTest" time="2.144"/>
  <testcase name="create_notAnEmail" classname="ch.fhnw.wodss.backend.businesslogic.UserServiceTest" time="1.813"/>
  <testcase name="getOne_illegalAccess" classname="ch.fhnw.wodss.backend.businesslogic.UserServiceTest" time="1.864"/>
  <testcase name="updateData_nameNull" classname="ch.fhnw.wodss.backend.businesslogic.UserServiceTest" time="1.829"/>
  <testcase name="updatePassword_oldPwWrong" classname="ch.fhnw.wodss.backend.businesslogic.UserServiceTest" time="2.137"/>
  <testcase name="updateData_nameTooLong" classname="ch.fhnw.wodss.backend.businesslogic.UserServiceTest" time="1.711"/>
  <testcase name="create_nameTooShort" classname="ch.fhnw.wodss.backend.businesslogic.UserServiceTest" time="1.718"/>
  <testcase name="create_passwordNull" classname="ch.fhnw.wodss.backend.businesslogic.UserServiceTest" time="1.756"/>
  <testcase name="findAll_ok" classname="ch.fhnw.wodss.backend.businesslogic.UserServiceTest" time="1.7"/>
  <testcase name="updateData_nameTooShort" classname="ch.fhnw.wodss.backend.businesslogic.UserServiceTest" time="1.706"/>
  <testcase name="updateData_illegalAccess" classname="ch.fhnw.wodss.backend.businesslogic.UserServiceTest" time="1.701"/>
  <testcase name="updateData_idDoesNotExist" classname="ch.fhnw.wodss.backend.businesslogic.UserServiceTest" time="1.702"/>
  <testcase name="create_passwordTooShort" classname="ch.fhnw.wodss.backend.businesslogic.UserServiceTest" time="1.735"/>
  <testcase name="updateData_ok" classname="ch.fhnw.wodss.backend.businesslogic.UserServiceTest" time="1.724"/>
  <testcase name="create_nameTooLong" classname="ch.fhnw.wodss.backend.businesslogic.UserServiceTest" time="1.742"/>
  <testcase name="updatePassword_ok" classname="ch.fhnw.wodss.backend.businesslogic.UserServiceTest" time="2.768"/>
  <testcase name="getOne_idDoesNotExist" classname="ch.fhnw.wodss.backend.businesslogic.UserServiceTest" time="1.853"/>
  <testcase name="create_emailNull" classname="ch.fhnw.wodss.backend.businesslogic.UserServiceTest" time="1.735"/>
  <testcase name="create_ok" classname="ch.fhnw.wodss.backend.businesslogic.UserServiceTest" time="2.162"/>
  <testcase name="updatePassword_newPwTooShort" classname="ch.fhnw.wodss.backend.businesslogic.UserServiceTest" time="1.732"/>
  <testcase name="getOne_ok" classname="ch.fhnw.wodss.backend.businesslogic.UserServiceTest" time="1.727"/>
  <testcase name="updatePassword_newPwNull" classname="ch.fhnw.wodss.backend.businesslogic.UserServiceTest" time="1.726"/>
  <testcase name="create_emailAlreadyExists" classname="ch.fhnw.wodss.backend.businesslogic.UserServiceTest" time="1.728"/>
  <testcase name="updatePassword_illegalAccess" classname="ch.fhnw.wodss.backend.businesslogic.UserServiceTest" time="1.872"/>
  <system-out><![CDATA[2018-05-28 13:52:06.401  INFO 46815 --- [    Test worker] .b.t.c.SpringBootTestContextBootstrapper : Neither @ContextConfiguration nor @ContextHierarchy found for test class [ch.fhnw.wodss.backend.businesslogic.UserServiceTest], using SpringBootContextLoader
2018-05-28 13:52:06.403  INFO 46815 --- [    Test worker] o.s.t.c.support.AbstractContextLoader    : Could not detect default resource locations for test class [ch.fhnw.wodss.backend.businesslogic.UserServiceTest]: no resource found for suffixes {-context.xml, Context.groovy}.
2018-05-28 13:52:06.407  INFO 46815 --- [    Test worker] .b.t.c.SpringBootTestContextBootstrapper : Loaded default TestExecutionListener class names from location [META-INF/spring.factories]: [org.springframework.security.test.context.support.WithSecurityContextTestExecutionListener, org.springframework.security.test.context.support.ReactorContextTestExecutionListener, org.springframework.boot.test.autoconfigure.restdocs.RestDocsTestExecutionListener, org.springframework.boot.test.autoconfigure.web.client.MockRestServiceServerResetTestExecutionListener, org.springframework.boot.test.autoconfigure.web.servlet.MockMvcPrintOnlyOnFailureTestExecutionListener, org.springframework.boot.test.autoconfigure.web.servlet.WebDriverTestExecutionListener, org.springframework.boot.test.mock.mockito.MockitoTestExecutionListener, org.springframework.boot.test.mock.mockito.ResetMocksTestExecutionListener, org.springframework.test.context.web.ServletTestExecutionListener, org.springframework.test.context.support.DirtiesContextBeforeModesTestExecutionListener, org.springframework.test.context.support.DependencyInjectionTestExecutionListener, org.springframework.test.context.support.DirtiesContextTestExecutionListener, org.springframework.test.context.transaction.TransactionalTestExecutionListener, org.springframework.test.context.jdbc.SqlScriptsTestExecutionListener]
2018-05-28 13:52:06.408  INFO 46815 --- [    Test worker] .b.t.c.SpringBootTestContextBootstrapper : Using TestExecutionListeners: [org.springframework.test.context.web.ServletTestExecutionListener@c7c01b4, org.springframework.test.context.support.DirtiesContextBeforeModesTestExecutionListener@6521245f, org.springframework.boot.test.mock.mockito.MockitoTestExecutionListener@38c361bc, org.springframework.boot.test.autoconfigure.SpringBootDependencyInjectionTestExecutionListener@24cb237, org.springframework.test.context.support.DirtiesContextTestExecutionListener@6ed1626b, org.springframework.test.context.transaction.TransactionalTestExecutionListener@23ea032, org.springframework.test.context.jdbc.SqlScriptsTestExecutionListener@21d3ef48, org.springframework.security.test.context.support.WithSecurityContextTestExecutionListener@46693c4f, org.springframework.security.test.context.support.ReactorContextTestExecutionListener@23ceccd3, org.springframework.boot.test.autoconfigure.restdocs.RestDocsTestExecutionListener@5406c7a8, org.springframework.boot.test.autoconfigure.web.client.MockRestServiceServerResetTestExecutionListener@6a11dbcf, org.springframework.boot.test.autoconfigure.web.servlet.MockMvcPrintOnlyOnFailureTestExecutionListener@65951986, org.springframework.boot.test.autoconfigure.web.servlet.WebDriverTestExecutionListener@3068e9b3, org.springframework.boot.test.mock.mockito.ResetMocksTestExecutionListener@52b15391]
2018-05-28 13:52:06.441  INFO 46815 --- [    Test worker] c.f.w.b.businesslogic.UserServiceTest    : Starting UserServiceTest on Tiagos-MacBook-Pro with PID 46815 (started by tiago in /Users/tiago/CloudStation/home/Documents/FHNW/Modules/6. Semester/_workspace/wodss-backend)
2018-05-28 13:52:06.441  INFO 46815 --- [    Test worker] c.f.w.b.businesslogic.UserServiceTest    : No active profile set, falling back to default profiles: default
2018-05-28 13:52:06.445  INFO 46815 --- [    Test worker] o.s.w.c.s.GenericWebApplicationContext   : Refreshing org.springframework.web.context.support.GenericWebApplicationContext@c5c9c10: startup date [Mon May 28 13:52:06 CEST 2018]; root of context hierarchy
2018-05-28 13:52:07.033  INFO 46815 --- [    Test worker] trationDelegate$BeanPostProcessorChecker : Bean 'org.springframework.transaction.annotation.ProxyTransactionManagementConfiguration' of type [org.springframework.transaction.annotation.ProxyTransactionManagementConfiguration$$EnhancerBySpringCGLIB$$1d23fd52] is not eligible for getting processed by all BeanPostProcessors (for example: not eligible for auto-proxying)
2018-05-28 13:52:07.138  INFO 46815 --- [    Test worker] com.zaxxer.hikari.HikariDataSource       : HikariPool-6 - Starting...
2018-05-28 13:52:07.140  INFO 46815 --- [    Test worker] com.zaxxer.hikari.HikariDataSource       : HikariPool-6 - Start completed.
2018-05-28 13:52:07.161  INFO 46815 --- [    Test worker] j.LocalContainerEntityManagerFactoryBean : Building JPA container EntityManagerFactory for persistence unit 'default'
2018-05-28 13:52:07.162  INFO 46815 --- [    Test worker] o.hibernate.jpa.internal.util.LogHelper  : HHH000204: Processing PersistenceUnitInfo [
	name: default
	...]
2018-05-28 13:52:07.175  INFO 46815 --- [    Test worker] org.hibernate.dialect.Dialect            : HHH000400: Using dialect: org.hibernate.dialect.H2Dialect
2018-05-28 13:52:07.282  INFO 46815 --- [    Test worker] o.h.t.schema.internal.SchemaCreatorImpl  : HHH000476: Executing import script 'org.hibernate.tool.schema.internal.exec.ScriptSourceInputNonExistentImpl@2cc3b7c8'
2018-05-28 13:52:07.283  INFO 46815 --- [    Test worker] j.LocalContainerEntityManagerFactoryBean : Initialized JPA EntityManagerFactory for persistence unit 'default'
2018-05-28 13:52:07.321  INFO 46815 --- [    Test worker] o.s.jdbc.datasource.init.ScriptUtils     : Executing SQL script from URL [file:/Users/tiago/CloudStation/home/Documents/FHNW/Modules/6.%20Semester/_workspace/wodss-backend/build/resources/main/data.sql]
2018-05-28 13:52:07.334  INFO 46815 --- [    Test worker] o.s.jdbc.datasource.init.ScriptUtils     : Executed SQL script from URL [file:/Users/tiago/CloudStation/home/Documents/FHNW/Modules/6.%20Semester/_workspace/wodss-backend/build/resources/main/data.sql] in 12 ms.
2018-05-28 13:52:07.515  INFO 46815 --- [    Test worker] o.s.s.concurrent.ThreadPoolTaskExecutor  : Initializing ExecutorService  'clientInboundChannelExecutor'
2018-05-28 13:52:07.521  INFO 46815 --- [    Test worker] o.s.s.concurrent.ThreadPoolTaskExecutor  : Initializing ExecutorService  'clientOutboundChannelExecutor'
2018-05-28 13:52:07.889  WARN 46815 --- [    Test worker] aWebConfiguration$JpaWebMvcConfiguration : spring.jpa.open-in-view is enabled by default. Therefore, database queries may be performed during view rendering. Explicitly configure spring.jpa.open-in-view to disable this warning
2018-05-28 13:52:07.926  INFO 46815 --- [    Test worker] s.w.s.m.m.a.RequestMappingHandlerMapping : Mapped "{[/registrieren || /passwortvergessen || /tipps || /gruppen || /rangliste || /profil || /ergebnisse]}" onto public java.lang.String ch.fhnw.wodss.backend.web.FrontendController.frontend()
2018-05-28 13:52:07.930  INFO 46815 --- [    Test worker] s.w.s.m.m.a.RequestMappingHandlerMapping : Mapped "{[/api/bets/{id}],methods=[PUT]}" onto public org.springframework.http.ResponseEntity<ch.fhnw.wodss.backend.messaging.UpdateMessage> ch.fhnw.wodss.backend.web.rest.BetController.update(java.lang.Long,ch.fhnw.wodss.backend.dto.BetChangeDto)
2018-05-28 13:52:07.931  INFO 46815 --- [    Test worker] s.w.s.m.m.a.RequestMappingHandlerMapping : Mapped "{[/api/bets],methods=[POST]}" onto public org.springframework.http.ResponseEntity<ch.fhnw.wodss.backend.messaging.UpdateMessage> ch.fhnw.wodss.backend.web.rest.BetController.create(ch.fhnw.wodss.backend.dto.BetDto)
2018-05-28 13:52:07.931  INFO 46815 --- [    Test worker] s.w.s.m.m.a.RequestMappingHandlerMapping : Mapped "{[/api/bets],methods=[GET]}" onto public org.springframework.http.ResponseEntity<java.util.List<ch.fhnw.wodss.backend.dto.BetDto>> ch.fhnw.wodss.backend.web.rest.BetController.findAll()
2018-05-28 13:52:07.937  INFO 46815 --- [    Test worker] s.w.s.m.m.a.RequestMappingHandlerMapping : Mapped "{[/api/communities/{id}],methods=[DELETE]}" onto public org.springframework.http.ResponseEntity<ch.fhnw.wodss.backend.messaging.UpdateMessage> ch.fhnw.wodss.backend.web.rest.CommunityController.delete(java.lang.Long)
2018-05-28 13:52:07.938  INFO 46815 --- [    Test worker] s.w.s.m.m.a.RequestMappingHandlerMapping : Mapped "{[/api/communities],methods=[POST]}" onto public org.springframework.http.ResponseEntity<ch.fhnw.wodss.backend.messaging.UpdateMessage> ch.fhnw.wodss.backend.web.rest.CommunityController.create(ch.fhnw.wodss.backend.dto.CommunityCreateDto)
2018-05-28 13:52:07.939  INFO 46815 --- [    Test worker] s.w.s.m.m.a.RequestMappingHandlerMapping : Mapped "{[/api/communities],methods=[GET]}" onto public org.springframework.http.ResponseEntity<java.util.List<ch.fhnw.wodss.backend.dto.CommunityDataDto>> ch.fhnw.wodss.backend.web.rest.CommunityController.findAll()
2018-05-28 13:52:07.940  INFO 46815 --- [    Test worker] s.w.s.m.m.a.RequestMappingHandlerMapping : Mapped "{[/api/communities/{communityId}/joinrequests],methods=[POST]}" onto public org.springframework.http.ResponseEntity<ch.fhnw.wodss.backend.messaging.UpdateMessage> ch.fhnw.wodss.backend.web.rest.CommunityController.createJoinRequest(java.lang.Long)
2018-05-28 13:52:07.941  INFO 46815 --- [    Test worker] s.w.s.m.m.a.RequestMappingHandlerMapping : Mapped "{[/api/communities/{communityId}/joinrequests/{joinRequesterId}],methods=[DELETE]}" onto public org.springframework.http.ResponseEntity<ch.fhnw.wodss.backend.messaging.UpdateMessage> ch.fhnw.wodss.backend.web.rest.CommunityController.deleteJoinRequest(java.lang.Long,java.lang.Long)
2018-05-28 13:52:07.942  INFO 46815 --- [    Test worker] s.w.s.m.m.a.RequestMappingHandlerMapping : Mapped "{[/api/communities/{communityId}/members],methods=[POST]}" onto public org.springframework.http.ResponseEntity<ch.fhnw.wodss.backend.messaging.UpdateMessage> ch.fhnw.wodss.backend.web.rest.CommunityController.acceptJoinRequest(java.lang.Long,ch.fhnw.wodss.backend.dto.CommunityChangeDto)
2018-05-28 13:52:07.942  INFO 46815 --- [    Test worker] s.w.s.m.m.a.RequestMappingHandlerMapping : Mapped "{[/api/communities/{communityId}/members/{memberId}],methods=[DELETE]}" onto public org.springframework.http.ResponseEntity<ch.fhnw.wodss.backend.messaging.UpdateMessage> ch.fhnw.wodss.backend.web.rest.CommunityController.deleteMember(java.lang.Long,java.lang.Long)
2018-05-28 13:52:07.944  INFO 46815 --- [    Test worker] s.w.s.m.m.a.RequestMappingHandlerMapping : Mapped "{[/api/matches/{id}],methods=[PUT]}" onto public org.springframework.http.ResponseEntity<ch.fhnw.wodss.backend.messaging.UpdateMessage> ch.fhnw.wodss.backend.web.rest.MatchController.update(java.lang.Long,ch.fhnw.wodss.backend.dto.MatchChangeDto)
2018-05-28 13:52:07.945  INFO 46815 --- [    Test worker] s.w.s.m.m.a.RequestMappingHandlerMapping : Mapped "{[/api/matches],methods=[GET]}" onto public org.springframework.http.ResponseEntity<java.util.List<ch.fhnw.wodss.backend.dto.MatchDto>> ch.fhnw.wodss.backend.web.rest.MatchController.findAll()
2018-05-28 13:52:07.946  INFO 46815 --- [    Test worker] s.w.s.m.m.a.RequestMappingHandlerMapping : Mapped "{[/api/teams],methods=[GET]}" onto public org.springframework.http.ResponseEntity<java.util.List<ch.fhnw.wodss.backend.dto.TeamDto>> ch.fhnw.wodss.backend.web.rest.TeamController.findAll()
2018-05-28 13:52:07.948  INFO 46815 --- [    Test worker] s.w.s.m.m.a.RequestMappingHandlerMapping : Mapped "{[/api/users],methods=[POST]}" onto public org.springframework.http.ResponseEntity<ch.fhnw.wodss.backend.messaging.UpdateMessage> ch.fhnw.wodss.backend.web.rest.UserController.create(ch.fhnw.wodss.backend.dto.UserCreateDto)
2018-05-28 13:52:07.949  INFO 46815 --- [    Test worker] s.w.s.m.m.a.RequestMappingHandlerMapping : Mapped "{[/api/users],methods=[GET]}" onto public org.springframework.http.ResponseEntity<java.util.List<ch.fhnw.wodss.backend.dto.UserPublicDto>> ch.fhnw.wodss.backend.web.rest.UserController.findAll()
2018-05-28 13:52:07.950  INFO 46815 --- [    Test worker] s.w.s.m.m.a.RequestMappingHandlerMapping : Mapped "{[/api/users/{id}],methods=[GET]}" onto public org.springframework.http.ResponseEntity<ch.fhnw.wodss.backend.dto.UserPrivateDto> ch.fhnw.wodss.backend.web.rest.UserController.getOne(java.lang.Long)
2018-05-28 13:52:07.952  INFO 46815 --- [    Test worker] s.w.s.m.m.a.RequestMappingHandlerMapping : Mapped "{[/api/users/{id}],methods=[PUT]}" onto public org.springframework.http.ResponseEntity<ch.fhnw.wodss.backend.messaging.UpdateMessage> ch.fhnw.wodss.backend.web.rest.UserController.updateData(java.lang.Long,ch.fhnw.wodss.backend.dto.UserDataChangeDto)
2018-05-28 13:52:07.952  INFO 46815 --- [    Test worker] s.w.s.m.m.a.RequestMappingHandlerMapping : Mapped "{[/api/users/{id}],methods=[POST]}" onto public org.springframework.http.ResponseEntity<ch.fhnw.wodss.backend.dto.UserPrivateDto> ch.fhnw.wodss.backend.web.rest.UserController.updatePassword(java.lang.Long,ch.fhnw.wodss.backend.dto.UserPasswordChangeDto)
2018-05-28 13:52:07.953  INFO 46815 --- [    Test worker] s.w.s.m.m.a.RequestMappingHandlerMapping : Mapped "{[/api/users/passwordreset/request],methods=[POST]}" onto public org.springframework.http.ResponseEntity<java.lang.Void> ch.fhnw.wodss.backend.web.rest.UserController.resetPasswordRequest(ch.fhnw.wodss.backend.dto.UserPasswordResetRequestDto)
2018-05-28 13:52:07.953  INFO 46815 --- [    Test worker] s.w.s.m.m.a.RequestMappingHandlerMapping : Mapped "{[/api/users/passwordreset],methods=[POST]}" onto public org.springframework.http.ResponseEntity<java.lang.Void> ch.fhnw.wodss.backend.web.rest.UserController.resetPassword(ch.fhnw.wodss.backend.dto.UserPasswordResetDto)
2018-05-28 13:52:07.954  INFO 46815 --- [    Test worker] s.w.s.m.m.a.RequestMappingHandlerMapping : Mapped "{[/swagger-resources/configuration/security]}" onto public org.springframework.http.ResponseEntity<springfox.documentation.swagger.web.SecurityConfiguration> springfox.documentation.swagger.web.ApiResourceController.securityConfiguration()
2018-05-28 13:52:07.955  INFO 46815 --- [    Test worker] s.w.s.m.m.a.RequestMappingHandlerMapping : Mapped "{[/swagger-resources/configuration/ui]}" onto public org.springframework.http.ResponseEntity<springfox.documentation.swagger.web.UiConfiguration> springfox.documentation.swagger.web.ApiResourceController.uiConfiguration()
2018-05-28 13:52:07.955  INFO 46815 --- [    Test worker] s.w.s.m.m.a.RequestMappingHandlerMapping : Mapped "{[/swagger-resources]}" onto public org.springframework.http.ResponseEntity<java.util.List<springfox.documentation.swagger.web.SwaggerResource>> springfox.documentation.swagger.web.ApiResourceController.swaggerResources()
2018-05-28 13:52:07.957  INFO 46815 --- [    Test worker] s.w.s.m.m.a.RequestMappingHandlerMapping : Mapped "{[/error]}" onto public org.springframework.http.ResponseEntity<java.util.Map<java.lang.String, java.lang.Object>> org.springframework.boot.autoconfigure.web.servlet.error.BasicErrorController.error(javax.servlet.http.HttpServletRequest)
2018-05-28 13:52:07.957  INFO 46815 --- [    Test worker] s.w.s.m.m.a.RequestMappingHandlerMapping : Mapped "{[/error],produces=[text/html]}" onto public org.springframework.web.servlet.ModelAndView org.springframework.boot.autoconfigure.web.servlet.error.BasicErrorController.errorHtml(javax.servlet.http.HttpServletRequest,javax.servlet.http.HttpServletResponse)
2018-05-28 13:52:08.056  INFO 46815 --- [    Test worker] pertySourcedRequestMappingHandlerMapping : Mapped URL path [/api/swagger] onto method [public org.springframework.http.ResponseEntity<springfox.documentation.spring.web.json.Json> springfox.documentation.swagger2.web.Swagger2Controller.getDocumentation(java.lang.String,javax.servlet.http.HttpServletRequest)]
2018-05-28 13:52:08.088  INFO 46815 --- [    Test worker] o.s.s.c.ThreadPoolTaskScheduler          : Initializing ExecutorService  'messageBrokerTaskScheduler'
2018-05-28 13:52:08.098  INFO 46815 --- [    Test worker] o.s.w.s.s.s.WebSocketHandlerMapping      : Mapped URL path [/api/stomp/**] onto handler of type [class org.springframework.web.socket.sockjs.support.SockJsHttpRequestHandler]
2018-05-28 13:52:08.104  INFO 46815 --- [    Test worker] o.s.s.concurrent.ThreadPoolTaskExecutor  : Initializing ExecutorService  'brokerChannelExecutor'
2018-05-28 13:52:08.223  INFO 46815 --- [    Test worker] o.s.s.w.a.c.ChannelProcessingFilter      : Validated configuration attributes
2018-05-28 13:52:08.269  INFO 46815 --- [    Test worker] o.s.s.web.DefaultSecurityFilterChain     : Creating filter chain: org.springframework.security.web.util.matcher.AnyRequestMatcher@1, [org.springframework.security.web.access.channel.ChannelProcessingFilter@5b0d5dad, org.springframework.security.web.context.request.async.WebAsyncManagerIntegrationFilter@6cbba5a2, org.springframework.security.web.context.SecurityContextPersistenceFilter@4b93d63a, org.springframework.security.web.header.HeaderWriterFilter@129542ac, org.springframework.security.web.authentication.logout.LogoutFilter@56ae69f2, org.springframework.security.web.authentication.UsernamePasswordAuthenticationFilter@2b2ff634, org.springframework.security.web.savedrequest.RequestCacheAwareFilter@412a1aa4, org.springframework.security.web.servletapi.SecurityContextHolderAwareRequestFilter@7912a00f, org.springframework.security.web.authentication.AnonymousAuthenticationFilter@2151932a, org.springframework.security.web.session.SessionManagementFilter@57bf058a, org.springframework.security.web.access.ExceptionTranslationFilter@1303261a, org.springframework.security.web.access.intercept.FilterSecurityInterceptor@1e81e77f]
2018-05-28 13:52:08.405  INFO 46815 --- [    Test worker] o.s.w.s.handler.SimpleUrlHandlerMapping  : Mapped URL path [/**/favicon.ico] onto handler of type [class org.springframework.web.servlet.resource.ResourceHttpRequestHandler]
2018-05-28 13:52:08.448  INFO 46815 --- [    Test worker] s.w.s.m.m.a.RequestMappingHandlerAdapter : Looking for @ControllerAdvice: org.springframework.web.context.support.GenericWebApplicationContext@c5c9c10: startup date [Mon May 28 13:52:06 CEST 2018]; root of context hierarchy
2018-05-28 13:52:08.474  INFO 46815 --- [    Test worker] o.s.w.s.handler.SimpleUrlHandlerMapping  : Mapped URL path [/webjars/**] onto handler of type [class org.springframework.web.servlet.resource.ResourceHttpRequestHandler]
2018-05-28 13:52:08.474  INFO 46815 --- [    Test worker] o.s.w.s.handler.SimpleUrlHandlerMapping  : Mapped URL path [/**] onto handler of type [class org.springframework.web.servlet.resource.ResourceHttpRequestHandler]
2018-05-28 13:52:08.485  INFO 46815 --- [    Test worker] .m.m.a.ExceptionHandlerExceptionResolver : Detected @ExceptionHandler methods in exceptionHandlerAdvice
2018-05-28 13:52:08.697  INFO 46815 --- [    Test worker] o.s.c.support.DefaultLifecycleProcessor  : Starting beans in phase 2147483647
2018-05-28 13:52:08.697  INFO 46815 --- [    Test worker] d.s.w.p.DocumentationPluginsBootstrapper : Context refreshed
2018-05-28 13:52:08.699  INFO 46815 --- [    Test worker] d.s.w.p.DocumentationPluginsBootstrapper : Found 1 custom documentation plugin(s)
2018-05-28 13:52:08.708  INFO 46815 --- [    Test worker] s.d.s.w.s.ApiListingReferenceScanner     : Scanning for api listing references
2018-05-28 13:52:08.738  INFO 46815 --- [    Test worker] .d.s.w.r.o.CachingOperationNameGenerator : Generating unique operation named: createUsingPOST_1
2018-05-28 13:52:08.747  INFO 46815 --- [    Test worker] .d.s.w.r.o.CachingOperationNameGenerator : Generating unique operation named: findAllUsingGET_1
2018-05-28 13:52:08.754  INFO 46815 --- [    Test worker] .d.s.w.r.o.CachingOperationNameGenerator : Generating unique operation named: findAllUsingGET_2
2018-05-28 13:52:08.829  INFO 46815 --- [    Test worker] .d.s.w.r.o.CachingOperationNameGenerator : Generating unique operation named: updateUsingPUT_1
2018-05-28 13:52:08.838  INFO 46815 --- [    Test worker] .d.s.w.r.o.CachingOperationNameGenerator : Generating unique operation named: findAllUsingGET_3
2018-05-28 13:52:08.842  INFO 46815 --- [    Test worker] .d.s.w.r.o.CachingOperationNameGenerator : Generating unique operation named: createUsingPOST_2
2018-05-28 13:52:08.845  INFO 46815 --- [    Test worker] .d.s.w.r.o.CachingOperationNameGenerator : Generating unique operation named: findAllUsingGET_4
2018-05-28 13:52:08.856  INFO 46815 --- [    Test worker] o.s.m.s.b.SimpleBrokerMessageHandler     : Starting...
2018-05-28 13:52:08.856  INFO 46815 --- [    Test worker] o.s.m.s.b.SimpleBrokerMessageHandler     : BrokerAvailabilityEvent[available=true, SimpleBrokerMessageHandler [DefaultSubscriptionRegistry[cache[0 destination(s)], registry[0 sessions]]]]
2018-05-28 13:52:08.857  INFO 46815 --- [    Test worker] o.s.m.s.b.SimpleBrokerMessageHandler     : Started.
2018-05-28 13:52:08.861  INFO 46815 --- [    Test worker] c.f.w.b.businesslogic.UserServiceTest    : Started UserServiceTest in 2.451 seconds (JVM running for 43.68)
2018-05-28 13:52:11.013  WARN 46815 --- [    Test worker] c.f.w.backend.businesslogic.UserService  : Invalid user id received (uid=1)
2018-05-28 13:52:12.828  WARN 46815 --- [    Test worker] c.f.w.backend.businesslogic.UserService  : Received invalid UserCreateDto (ip=)
2018-05-28 13:52:14.696  WARN 46815 --- [    Test worker] c.f.w.backend.businesslogic.UserService  : User tried to get access to an user other then himself (uid=2)
2018-05-28 13:52:16.526  WARN 46815 --- [    Test worker] c.f.w.backend.businesslogic.UserService  : Invalid UserDataChangeDto received (uid=1)
2018-05-28 13:52:18.665  WARN 46815 --- [    Test worker] c.f.w.backend.businesslogic.UserService  : Invalid old password received (uid=1)
2018-05-28 13:52:20.376  WARN 46815 --- [    Test worker] c.f.w.backend.businesslogic.UserService  : Invalid UserDataChangeDto received (uid=1)
2018-05-28 13:52:22.094  WARN 46815 --- [    Test worker] c.f.w.backend.businesslogic.UserService  : Received invalid UserCreateDto (ip=)
2018-05-28 13:52:23.850  WARN 46815 --- [    Test worker] c.f.w.backend.businesslogic.UserService  : Received invalid UserCreateDto (ip=)
2018-05-28 13:52:27.260  WARN 46815 --- [    Test worker] c.f.w.backend.businesslogic.UserService  : Invalid UserDataChangeDto received (uid=1)
2018-05-28 13:52:28.962  WARN 46815 --- [    Test worker] c.f.w.backend.businesslogic.UserService  : User tried to get access to an user other then himself (uid=2)
2018-05-28 13:52:30.665  WARN 46815 --- [    Test worker] c.f.w.backend.businesslogic.UserService  : Invalid user id received (uid=1)
2018-05-28 13:52:32.401  WARN 46815 --- [    Test worker] c.f.w.backend.businesslogic.UserService  : Received invalid UserCreateDto (ip=)
2018-05-28 13:52:34.124  INFO 46815 --- [    Test worker] c.f.w.backend.businesslogic.UserService  : User with id 1 has changed his data.
2018-05-28 13:52:35.868  WARN 46815 --- [    Test worker] c.f.w.backend.businesslogic.UserService  : Received invalid UserCreateDto (ip=)
2018-05-28 13:52:36.172  INFO 46815 --- [MessageBroker-1] o.s.w.s.c.WebSocketMessageBrokerStats    : WebSocketSession[0 current WS(0)-HttpStream(0)-HttpPoll(0), 0 total, 0 closed abnormally (0 connect failure, 0 send limit, 0 transport error)], stompSubProtocol[processed CONNECT(0)-CONNECTED(0)-DISCONNECT(0)], stompBrokerRelay[null], inboundChannel[pool size = 0, active threads = 0, queued tasks = 0, completed tasks = 0], outboundChannelpool size = 0, active threads = 0, queued tasks = 0, completed tasks = 0], sockJsScheduler[pool size = 1, active threads = 1, queued tasks = 0, completed tasks = 0]
2018-05-28 13:52:38.638  INFO 46815 --- [    Test worker] c.f.w.backend.businesslogic.UserService  : User with id 1 has changes his password.
2018-05-28 13:52:40.492  WARN 46815 --- [    Test worker] c.f.w.backend.businesslogic.UserService  : Invalid user id received (uid=1)
2018-05-28 13:52:41.365  INFO 46815 --- [MessageBroker-1] o.s.w.s.c.WebSocketMessageBrokerStats    : WebSocketSession[0 current WS(0)-HttpStream(0)-HttpPoll(0), 0 total, 0 closed abnormally (0 connect failure, 0 send limit, 0 transport error)], stompSubProtocol[processed CONNECT(0)-CONNECTED(0)-DISCONNECT(0)], stompBrokerRelay[null], inboundChannel[pool size = 0, active threads = 0, queued tasks = 0, completed tasks = 0], outboundChannelpool size = 0, active threads = 0, queued tasks = 0, completed tasks = 0], sockJsScheduler[pool size = 1, active threads = 1, queued tasks = 0, completed tasks = 0]
2018-05-28 13:52:42.228  WARN 46815 --- [    Test worker] c.f.w.backend.businesslogic.UserService  : Received invalid UserCreateDto (ip=)
2018-05-28 13:52:44.392  INFO 46815 --- [    Test worker] c.f.w.backend.businesslogic.UserService  : Created user with id=1
2018-05-28 13:52:44.610  INFO 46815 --- [MessageBroker-1] o.s.w.s.c.WebSocketMessageBrokerStats    : WebSocketSession[0 current WS(0)-HttpStream(0)-HttpPoll(0), 0 total, 0 closed abnormally (0 connect failure, 0 send limit, 0 transport error)], stompSubProtocol[processed CONNECT(0)-CONNECTED(0)-DISCONNECT(0)], stompBrokerRelay[null], inboundChannel[pool size = 0, active threads = 0, queued tasks = 0, completed tasks = 0], outboundChannelpool size = 0, active threads = 0, queued tasks = 0, completed tasks = 0], sockJsScheduler[pool size = 1, active threads = 1, queued tasks = 0, completed tasks = 0]
2018-05-28 13:52:46.124  WARN 46815 --- [    Test worker] c.f.w.backend.businesslogic.UserService  : Invalid UserPasswordChangeDto received (uid=1)
2018-05-28 13:52:47.737  INFO 46815 --- [MessageBroker-1] o.s.w.s.c.WebSocketMessageBrokerStats    : WebSocketSession[0 current WS(0)-HttpStream(0)-HttpPoll(0), 0 total, 0 closed abnormally (0 connect failure, 0 send limit, 0 transport error)], stompSubProtocol[processed CONNECT(0)-CONNECTED(0)-DISCONNECT(0)], stompBrokerRelay[null], inboundChannel[pool size = 0, active threads = 0, queued tasks = 0, completed tasks = 0], outboundChannelpool size = 0, active threads = 0, queued tasks = 0, completed tasks = 0], sockJsScheduler[pool size = 1, active threads = 1, queued tasks = 0, completed tasks = 0]
2018-05-28 13:52:47.852  INFO 46815 --- [    Test worker] c.f.w.backend.businesslogic.UserService  : Found user with id 1
2018-05-28 13:52:49.579  WARN 46815 --- [    Test worker] c.f.w.backend.businesslogic.UserService  : Invalid UserPasswordChangeDto received (uid=1)
2018-05-28 13:52:50.850  INFO 46815 --- [MessageBroker-1] o.s.w.s.c.WebSocketMessageBrokerStats    : WebSocketSession[0 current WS(0)-HttpStream(0)-HttpPoll(0), 0 total, 0 closed abnormally (0 connect failure, 0 send limit, 0 transport error)], stompSubProtocol[processed CONNECT(0)-CONNECTED(0)-DISCONNECT(0)], stompBrokerRelay[null], inboundChannel[pool size = 0, active threads = 0, queued tasks = 0, completed tasks = 0], outboundChannelpool size = 0, active threads = 0, queued tasks = 0, completed tasks = 0], sockJsScheduler[pool size = 1, active threads = 1, queued tasks = 0, completed tasks = 0]
2018-05-28 13:52:51.308  WARN 46815 --- [    Test worker] c.f.w.backend.businesslogic.UserService  : Received already existing email address (ip=)
2018-05-28 13:52:53.180  WARN 46815 --- [    Test worker] c.f.w.backend.businesslogic.UserService  : User tried to get access to an user other then himself (uid=2)
]]></system-out>
  <system-err><![CDATA[]]></system-err>
</testsuite>
