<?xml version="1.0" encoding="UTF-8"?>
<testsuite name="ch.fhnw.wodss.backend.web.BetControllerTest" tests="8" skipped="0" failures="0" errors="0" timestamp="2018-05-28T11:51:42" hostname="Tiagos-MacBook-Pro" time="0.206">
  <properties/>
  <testcase name="update_Ok" classname="ch.fhnw.wodss.backend.web.BetControllerTest" time="0.038"/>
  <testcase name="create_IllegalArgument" classname="ch.fhnw.wodss.backend.web.BetControllerTest" time="0.018"/>
  <testcase name="create_IllegalState" classname="ch.fhnw.wodss.backend.web.BetControllerTest" time="0.025"/>
  <testcase name="findAll_Ok" classname="ch.fhnw.wodss.backend.web.BetControllerTest" time="0.021"/>
  <testcase name="update_IllegalAccess" classname="ch.fhnw.wodss.backend.web.BetControllerTest" time="0.017"/>
  <testcase name="update_NoSuchElement" classname="ch.fhnw.wodss.backend.web.BetControllerTest" time="0.019"/>
  <testcase name="create_Ok" classname="ch.fhnw.wodss.backend.web.BetControllerTest" time="0.016"/>
  <testcase name="update_IllegalArgument" classname="ch.fhnw.wodss.backend.web.BetControllerTest" time="0.04"/>
  <system-out><![CDATA[2018-05-28 13:51:39.000  INFO 46815 --- [    Test worker] .b.t.c.SpringBootTestContextBootstrapper : Neither @ContextConfiguration nor @ContextHierarchy found for test class [ch.fhnw.wodss.backend.web.BetControllerTest], using SpringBootContextLoader
2018-05-28 13:51:39.002  INFO 46815 --- [    Test worker] o.s.t.c.support.AbstractContextLoader    : Could not detect default resource locations for test class [ch.fhnw.wodss.backend.web.BetControllerTest]: no resource found for suffixes {-context.xml, Context.groovy}.
2018-05-28 13:51:39.010  INFO 46815 --- [    Test worker] .b.t.c.SpringBootTestContextBootstrapper : Loaded default TestExecutionListener class names from location [META-INF/spring.factories]: [org.springframework.security.test.context.support.WithSecurityContextTestExecutionListener, org.springframework.security.test.context.support.ReactorContextTestExecutionListener, org.springframework.boot.test.autoconfigure.restdocs.RestDocsTestExecutionListener, org.springframework.boot.test.autoconfigure.web.client.MockRestServiceServerResetTestExecutionListener, org.springframework.boot.test.autoconfigure.web.servlet.MockMvcPrintOnlyOnFailureTestExecutionListener, org.springframework.boot.test.autoconfigure.web.servlet.WebDriverTestExecutionListener, org.springframework.boot.test.mock.mockito.MockitoTestExecutionListener, org.springframework.boot.test.mock.mockito.ResetMocksTestExecutionListener, org.springframework.test.context.web.ServletTestExecutionListener, org.springframework.test.context.support.DirtiesContextBeforeModesTestExecutionListener, org.springframework.test.context.support.DependencyInjectionTestExecutionListener, org.springframework.test.context.support.DirtiesContextTestExecutionListener, org.springframework.test.context.transaction.TransactionalTestExecutionListener, org.springframework.test.context.jdbc.SqlScriptsTestExecutionListener]
2018-05-28 13:51:39.011  INFO 46815 --- [    Test worker] .b.t.c.SpringBootTestContextBootstrapper : Using TestExecutionListeners: [org.springframework.test.context.web.ServletTestExecutionListener@767c72af, org.springframework.test.context.support.DirtiesContextBeforeModesTestExecutionListener@1091e28d, org.springframework.boot.test.mock.mockito.MockitoTestExecutionListener@2a6cd4a2, org.springframework.boot.test.autoconfigure.SpringBootDependencyInjectionTestExecutionListener@97f6523, org.springframework.test.context.support.DirtiesContextTestExecutionListener@1c0397a9, org.springframework.test.context.transaction.TransactionalTestExecutionListener@3999b2e, org.springframework.test.context.jdbc.SqlScriptsTestExecutionListener@4f9c963b, org.springframework.security.test.context.support.WithSecurityContextTestExecutionListener@3db8a496, org.springframework.security.test.context.support.ReactorContextTestExecutionListener@3d06d257, org.springframework.boot.test.autoconfigure.restdocs.RestDocsTestExecutionListener@72896e32, org.springframework.boot.test.autoconfigure.web.client.MockRestServiceServerResetTestExecutionListener@598f0316, org.springframework.boot.test.autoconfigure.web.servlet.MockMvcPrintOnlyOnFailureTestExecutionListener@216b80a5, org.springframework.boot.test.autoconfigure.web.servlet.WebDriverTestExecutionListener@2a747ab5, org.springframework.boot.test.mock.mockito.ResetMocksTestExecutionListener@13b56937]
2018-05-28 13:51:39.113  INFO 46815 --- [    Test worker] c.f.wodss.backend.web.BetControllerTest  : Starting BetControllerTest on Tiagos-MacBook-Pro with PID 46815 (started by tiago in /Users/tiago/CloudStation/home/Documents/FHNW/Modules/6. Semester/_workspace/wodss-backend)
2018-05-28 13:51:39.117  INFO 46815 --- [    Test worker] c.f.wodss.backend.web.BetControllerTest  : No active profile set, falling back to default profiles: default
2018-05-28 13:51:39.121  INFO 46815 --- [    Test worker] o.s.w.c.s.GenericWebApplicationContext   : Refreshing org.springframework.web.context.support.GenericWebApplicationContext@1c33ec64: startup date [Mon May 28 13:51:39 CEST 2018]; root of context hierarchy
2018-05-28 13:51:39.942  INFO 46815 --- [    Test worker] trationDelegate$BeanPostProcessorChecker : Bean 'org.springframework.transaction.annotation.ProxyTransactionManagementConfiguration' of type [org.springframework.transaction.annotation.ProxyTransactionManagementConfiguration$$EnhancerBySpringCGLIB$$1d23fd52] is not eligible for getting processed by all BeanPostProcessors (for example: not eligible for auto-proxying)
2018-05-28 13:51:40.068  INFO 46815 --- [    Test worker] com.zaxxer.hikari.HikariDataSource       : HikariPool-2 - Starting...
2018-05-28 13:51:40.069  INFO 46815 --- [    Test worker] com.zaxxer.hikari.HikariDataSource       : HikariPool-2 - Start completed.
2018-05-28 13:51:40.098  INFO 46815 --- [    Test worker] j.LocalContainerEntityManagerFactoryBean : Building JPA container EntityManagerFactory for persistence unit 'default'
2018-05-28 13:51:40.098  INFO 46815 --- [    Test worker] o.hibernate.jpa.internal.util.LogHelper  : HHH000204: Processing PersistenceUnitInfo [
	name: default
	...]
2018-05-28 13:51:40.112  INFO 46815 --- [    Test worker] org.hibernate.dialect.Dialect            : HHH000400: Using dialect: org.hibernate.dialect.H2Dialect
2018-05-28 13:51:40.305  INFO 46815 --- [    Test worker] o.h.t.schema.internal.SchemaCreatorImpl  : HHH000476: Executing import script 'org.hibernate.tool.schema.internal.exec.ScriptSourceInputNonExistentImpl@2cc3b7c8'
2018-05-28 13:51:40.307  INFO 46815 --- [    Test worker] j.LocalContainerEntityManagerFactoryBean : Initialized JPA EntityManagerFactory for persistence unit 'default'
2018-05-28 13:51:40.350  INFO 46815 --- [    Test worker] o.s.jdbc.datasource.init.ScriptUtils     : Executing SQL script from URL [file:/Users/tiago/CloudStation/home/Documents/FHNW/Modules/6.%20Semester/_workspace/wodss-backend/build/resources/main/data.sql]
2018-05-28 13:51:40.385  INFO 46815 --- [    Test worker] o.s.jdbc.datasource.init.ScriptUtils     : Executed SQL script from URL [file:/Users/tiago/CloudStation/home/Documents/FHNW/Modules/6.%20Semester/_workspace/wodss-backend/build/resources/main/data.sql] in 34 ms.
2018-05-28 13:51:40.594  INFO 46815 --- [    Test worker] o.s.s.concurrent.ThreadPoolTaskExecutor  : Initializing ExecutorService  'clientInboundChannelExecutor'
2018-05-28 13:51:40.604  INFO 46815 --- [    Test worker] o.s.s.concurrent.ThreadPoolTaskExecutor  : Initializing ExecutorService  'clientOutboundChannelExecutor'
2018-05-28 13:51:41.138  WARN 46815 --- [    Test worker] aWebConfiguration$JpaWebMvcConfiguration : spring.jpa.open-in-view is enabled by default. Therefore, database queries may be performed during view rendering. Explicitly configure spring.jpa.open-in-view to disable this warning
2018-05-28 13:51:41.190  INFO 46815 --- [    Test worker] s.w.s.m.m.a.RequestMappingHandlerMapping : Mapped "{[/registrieren || /passwortvergessen || /tipps || /gruppen || /rangliste || /profil || /ergebnisse]}" onto public java.lang.String ch.fhnw.wodss.backend.web.FrontendController.frontend()
2018-05-28 13:51:41.192  INFO 46815 --- [    Test worker] s.w.s.m.m.a.RequestMappingHandlerMapping : Mapped "{[/api/bets/{id}],methods=[PUT]}" onto public org.springframework.http.ResponseEntity<ch.fhnw.wodss.backend.messaging.UpdateMessage> ch.fhnw.wodss.backend.web.rest.BetController.update(java.lang.Long,ch.fhnw.wodss.backend.dto.BetChangeDto)
2018-05-28 13:51:41.193  INFO 46815 --- [    Test worker] s.w.s.m.m.a.RequestMappingHandlerMapping : Mapped "{[/api/bets],methods=[POST]}" onto public org.springframework.http.ResponseEntity<ch.fhnw.wodss.backend.messaging.UpdateMessage> ch.fhnw.wodss.backend.web.rest.BetController.create(ch.fhnw.wodss.backend.dto.BetDto)
2018-05-28 13:51:41.194  INFO 46815 --- [    Test worker] s.w.s.m.m.a.RequestMappingHandlerMapping : Mapped "{[/api/bets],methods=[GET]}" onto public org.springframework.http.ResponseEntity<java.util.List<ch.fhnw.wodss.backend.dto.BetDto>> ch.fhnw.wodss.backend.web.rest.BetController.findAll()
2018-05-28 13:51:41.197  INFO 46815 --- [    Test worker] s.w.s.m.m.a.RequestMappingHandlerMapping : Mapped "{[/api/communities/{id}],methods=[DELETE]}" onto public org.springframework.http.ResponseEntity<ch.fhnw.wodss.backend.messaging.UpdateMessage> ch.fhnw.wodss.backend.web.rest.CommunityController.delete(java.lang.Long)
2018-05-28 13:51:41.198  INFO 46815 --- [    Test worker] s.w.s.m.m.a.RequestMappingHandlerMapping : Mapped "{[/api/communities],methods=[POST]}" onto public org.springframework.http.ResponseEntity<ch.fhnw.wodss.backend.messaging.UpdateMessage> ch.fhnw.wodss.backend.web.rest.CommunityController.create(ch.fhnw.wodss.backend.dto.CommunityCreateDto)
2018-05-28 13:51:41.198  INFO 46815 --- [    Test worker] s.w.s.m.m.a.RequestMappingHandlerMapping : Mapped "{[/api/communities],methods=[GET]}" onto public org.springframework.http.ResponseEntity<java.util.List<ch.fhnw.wodss.backend.dto.CommunityDataDto>> ch.fhnw.wodss.backend.web.rest.CommunityController.findAll()
2018-05-28 13:51:41.199  INFO 46815 --- [    Test worker] s.w.s.m.m.a.RequestMappingHandlerMapping : Mapped "{[/api/communities/{communityId}/joinrequests],methods=[POST]}" onto public org.springframework.http.ResponseEntity<ch.fhnw.wodss.backend.messaging.UpdateMessage> ch.fhnw.wodss.backend.web.rest.CommunityController.createJoinRequest(java.lang.Long)
2018-05-28 13:51:41.199  INFO 46815 --- [    Test worker] s.w.s.m.m.a.RequestMappingHandlerMapping : Mapped "{[/api/communities/{communityId}/joinrequests/{joinRequesterId}],methods=[DELETE]}" onto public org.springframework.http.ResponseEntity<ch.fhnw.wodss.backend.messaging.UpdateMessage> ch.fhnw.wodss.backend.web.rest.CommunityController.deleteJoinRequest(java.lang.Long,java.lang.Long)
2018-05-28 13:51:41.200  INFO 46815 --- [    Test worker] s.w.s.m.m.a.RequestMappingHandlerMapping : Mapped "{[/api/communities/{communityId}/members],methods=[POST]}" onto public org.springframework.http.ResponseEntity<ch.fhnw.wodss.backend.messaging.UpdateMessage> ch.fhnw.wodss.backend.web.rest.CommunityController.acceptJoinRequest(java.lang.Long,ch.fhnw.wodss.backend.dto.CommunityChangeDto)
2018-05-28 13:51:41.200  INFO 46815 --- [    Test worker] s.w.s.m.m.a.RequestMappingHandlerMapping : Mapped "{[/api/communities/{communityId}/members/{memberId}],methods=[DELETE]}" onto public org.springframework.http.ResponseEntity<ch.fhnw.wodss.backend.messaging.UpdateMessage> ch.fhnw.wodss.backend.web.rest.CommunityController.deleteMember(java.lang.Long,java.lang.Long)
2018-05-28 13:51:41.202  INFO 46815 --- [    Test worker] s.w.s.m.m.a.RequestMappingHandlerMapping : Mapped "{[/api/matches/{id}],methods=[PUT]}" onto public org.springframework.http.ResponseEntity<ch.fhnw.wodss.backend.messaging.UpdateMessage> ch.fhnw.wodss.backend.web.rest.MatchController.update(java.lang.Long,ch.fhnw.wodss.backend.dto.MatchChangeDto)
2018-05-28 13:51:41.203  INFO 46815 --- [    Test worker] s.w.s.m.m.a.RequestMappingHandlerMapping : Mapped "{[/api/matches],methods=[GET]}" onto public org.springframework.http.ResponseEntity<java.util.List<ch.fhnw.wodss.backend.dto.MatchDto>> ch.fhnw.wodss.backend.web.rest.MatchController.findAll()
2018-05-28 13:51:41.204  INFO 46815 --- [    Test worker] s.w.s.m.m.a.RequestMappingHandlerMapping : Mapped "{[/api/teams],methods=[GET]}" onto public org.springframework.http.ResponseEntity<java.util.List<ch.fhnw.wodss.backend.dto.TeamDto>> ch.fhnw.wodss.backend.web.rest.TeamController.findAll()
2018-05-28 13:51:41.209  INFO 46815 --- [    Test worker] s.w.s.m.m.a.RequestMappingHandlerMapping : Mapped "{[/api/users],methods=[POST]}" onto public org.springframework.http.ResponseEntity<ch.fhnw.wodss.backend.messaging.UpdateMessage> ch.fhnw.wodss.backend.web.rest.UserController.create(ch.fhnw.wodss.backend.dto.UserCreateDto)
2018-05-28 13:51:41.210  INFO 46815 --- [    Test worker] s.w.s.m.m.a.RequestMappingHandlerMapping : Mapped "{[/api/users],methods=[GET]}" onto public org.springframework.http.ResponseEntity<java.util.List<ch.fhnw.wodss.backend.dto.UserPublicDto>> ch.fhnw.wodss.backend.web.rest.UserController.findAll()
2018-05-28 13:51:41.210  INFO 46815 --- [    Test worker] s.w.s.m.m.a.RequestMappingHandlerMapping : Mapped "{[/api/users/{id}],methods=[GET]}" onto public org.springframework.http.ResponseEntity<ch.fhnw.wodss.backend.dto.UserPrivateDto> ch.fhnw.wodss.backend.web.rest.UserController.getOne(java.lang.Long)
2018-05-28 13:51:41.211  INFO 46815 --- [    Test worker] s.w.s.m.m.a.RequestMappingHandlerMapping : Mapped "{[/api/users/{id}],methods=[PUT]}" onto public org.springframework.http.ResponseEntity<ch.fhnw.wodss.backend.messaging.UpdateMessage> ch.fhnw.wodss.backend.web.rest.UserController.updateData(java.lang.Long,ch.fhnw.wodss.backend.dto.UserDataChangeDto)
2018-05-28 13:51:41.212  INFO 46815 --- [    Test worker] s.w.s.m.m.a.RequestMappingHandlerMapping : Mapped "{[/api/users/{id}],methods=[POST]}" onto public org.springframework.http.ResponseEntity<ch.fhnw.wodss.backend.dto.UserPrivateDto> ch.fhnw.wodss.backend.web.rest.UserController.updatePassword(java.lang.Long,ch.fhnw.wodss.backend.dto.UserPasswordChangeDto)
2018-05-28 13:51:41.212  INFO 46815 --- [    Test worker] s.w.s.m.m.a.RequestMappingHandlerMapping : Mapped "{[/api/users/passwordreset/request],methods=[POST]}" onto public org.springframework.http.ResponseEntity<java.lang.Void> ch.fhnw.wodss.backend.web.rest.UserController.resetPasswordRequest(ch.fhnw.wodss.backend.dto.UserPasswordResetRequestDto)
2018-05-28 13:51:41.213  INFO 46815 --- [    Test worker] s.w.s.m.m.a.RequestMappingHandlerMapping : Mapped "{[/api/users/passwordreset],methods=[POST]}" onto public org.springframework.http.ResponseEntity<java.lang.Void> ch.fhnw.wodss.backend.web.rest.UserController.resetPassword(ch.fhnw.wodss.backend.dto.UserPasswordResetDto)
2018-05-28 13:51:41.215  INFO 46815 --- [    Test worker] s.w.s.m.m.a.RequestMappingHandlerMapping : Mapped "{[/swagger-resources/configuration/security]}" onto public org.springframework.http.ResponseEntity<springfox.documentation.swagger.web.SecurityConfiguration> springfox.documentation.swagger.web.ApiResourceController.securityConfiguration()
2018-05-28 13:51:41.216  INFO 46815 --- [    Test worker] s.w.s.m.m.a.RequestMappingHandlerMapping : Mapped "{[/swagger-resources/configuration/ui]}" onto public org.springframework.http.ResponseEntity<springfox.documentation.swagger.web.UiConfiguration> springfox.documentation.swagger.web.ApiResourceController.uiConfiguration()
2018-05-28 13:51:41.217  INFO 46815 --- [    Test worker] s.w.s.m.m.a.RequestMappingHandlerMapping : Mapped "{[/swagger-resources]}" onto public org.springframework.http.ResponseEntity<java.util.List<springfox.documentation.swagger.web.SwaggerResource>> springfox.documentation.swagger.web.ApiResourceController.swaggerResources()
2018-05-28 13:51:41.220  INFO 46815 --- [    Test worker] s.w.s.m.m.a.RequestMappingHandlerMapping : Mapped "{[/error]}" onto public org.springframework.http.ResponseEntity<java.util.Map<java.lang.String, java.lang.Object>> org.springframework.boot.autoconfigure.web.servlet.error.BasicErrorController.error(javax.servlet.http.HttpServletRequest)
2018-05-28 13:51:41.221  INFO 46815 --- [    Test worker] s.w.s.m.m.a.RequestMappingHandlerMapping : Mapped "{[/error],produces=[text/html]}" onto public org.springframework.web.servlet.ModelAndView org.springframework.boot.autoconfigure.web.servlet.error.BasicErrorController.errorHtml(javax.servlet.http.HttpServletRequest,javax.servlet.http.HttpServletResponse)
2018-05-28 13:51:41.342  INFO 46815 --- [    Test worker] o.s.s.c.ThreadPoolTaskScheduler          : Initializing ExecutorService  'messageBrokerTaskScheduler'
2018-05-28 13:51:41.357  INFO 46815 --- [    Test worker] o.s.w.s.s.s.WebSocketHandlerMapping      : Mapped URL path [/api/stomp/**] onto handler of type [class org.springframework.web.socket.sockjs.support.SockJsHttpRequestHandler]
2018-05-28 13:51:41.365  INFO 46815 --- [    Test worker] o.s.s.concurrent.ThreadPoolTaskExecutor  : Initializing ExecutorService  'brokerChannelExecutor'
2018-05-28 13:51:41.491  INFO 46815 --- [    Test worker] o.s.s.w.a.c.ChannelProcessingFilter      : Validated configuration attributes
2018-05-28 13:51:41.517  INFO 46815 --- [    Test worker] o.s.s.web.DefaultSecurityFilterChain     : Creating filter chain: org.springframework.security.web.util.matcher.AnyRequestMatcher@1, [org.springframework.security.web.access.channel.ChannelProcessingFilter@41fb471b, org.springframework.security.web.context.request.async.WebAsyncManagerIntegrationFilter@2096d65c, org.springframework.security.web.context.SecurityContextPersistenceFilter@5ec6a780, org.springframework.security.web.header.HeaderWriterFilter@26d9086d, org.springframework.security.web.authentication.logout.LogoutFilter@1bec70f5, org.springframework.security.web.authentication.UsernamePasswordAuthenticationFilter@319fa251, org.springframework.security.web.savedrequest.RequestCacheAwareFilter@7813382c, org.springframework.security.web.servletapi.SecurityContextHolderAwareRequestFilter@16e7cd23, org.springframework.security.web.authentication.AnonymousAuthenticationFilter@21beead7, org.springframework.security.web.session.SessionManagementFilter@540b21b3, org.springframework.security.web.access.ExceptionTranslationFilter@790bff13, org.springframework.security.web.access.intercept.FilterSecurityInterceptor@6acf2995]
2018-05-28 13:51:41.614  INFO 46815 --- [    Test worker] pertySourcedRequestMappingHandlerMapping : Mapped URL path [/api/swagger] onto method [public org.springframework.http.ResponseEntity<springfox.documentation.spring.web.json.Json> springfox.documentation.swagger2.web.Swagger2Controller.getDocumentation(java.lang.String,javax.servlet.http.HttpServletRequest)]
2018-05-28 13:51:41.695  INFO 46815 --- [    Test worker] o.s.w.s.handler.SimpleUrlHandlerMapping  : Mapped URL path [/**/favicon.ico] onto handler of type [class org.springframework.web.servlet.resource.ResourceHttpRequestHandler]
2018-05-28 13:51:41.746  INFO 46815 --- [    Test worker] s.w.s.m.m.a.RequestMappingHandlerAdapter : Looking for @ControllerAdvice: org.springframework.web.context.support.GenericWebApplicationContext@1c33ec64: startup date [Mon May 28 13:51:39 CEST 2018]; root of context hierarchy
2018-05-28 13:51:41.772  INFO 46815 --- [    Test worker] o.s.w.s.handler.SimpleUrlHandlerMapping  : Mapped URL path [/webjars/**] onto handler of type [class org.springframework.web.servlet.resource.ResourceHttpRequestHandler]
2018-05-28 13:51:41.772  INFO 46815 --- [    Test worker] o.s.w.s.handler.SimpleUrlHandlerMapping  : Mapped URL path [/**] onto handler of type [class org.springframework.web.servlet.resource.ResourceHttpRequestHandler]
2018-05-28 13:51:41.785  INFO 46815 --- [    Test worker] .m.m.a.ExceptionHandlerExceptionResolver : Detected @ExceptionHandler methods in exceptionHandlerAdvice
2018-05-28 13:51:42.019  INFO 46815 --- [    Test worker] o.s.c.support.DefaultLifecycleProcessor  : Starting beans in phase 2147483647
2018-05-28 13:51:42.020  INFO 46815 --- [    Test worker] d.s.w.p.DocumentationPluginsBootstrapper : Context refreshed
2018-05-28 13:51:42.021  INFO 46815 --- [    Test worker] d.s.w.p.DocumentationPluginsBootstrapper : Found 1 custom documentation plugin(s)
2018-05-28 13:51:42.033  INFO 46815 --- [    Test worker] s.d.s.w.s.ApiListingReferenceScanner     : Scanning for api listing references
2018-05-28 13:51:42.071  INFO 46815 --- [    Test worker] .d.s.w.r.o.CachingOperationNameGenerator : Generating unique operation named: createUsingPOST_1
2018-05-28 13:51:42.081  INFO 46815 --- [    Test worker] .d.s.w.r.o.CachingOperationNameGenerator : Generating unique operation named: findAllUsingGET_1
2018-05-28 13:51:42.094  INFO 46815 --- [    Test worker] .d.s.w.r.o.CachingOperationNameGenerator : Generating unique operation named: findAllUsingGET_2
2018-05-28 13:51:42.098  INFO 46815 --- [    Test worker] .d.s.w.r.o.CachingOperationNameGenerator : Generating unique operation named: updateUsingPUT_1
2018-05-28 13:51:42.101  INFO 46815 --- [    Test worker] .d.s.w.r.o.CachingOperationNameGenerator : Generating unique operation named: findAllUsingGET_3
2018-05-28 13:51:42.106  INFO 46815 --- [    Test worker] .d.s.w.r.o.CachingOperationNameGenerator : Generating unique operation named: createUsingPOST_2
2018-05-28 13:51:42.111  INFO 46815 --- [    Test worker] .d.s.w.r.o.CachingOperationNameGenerator : Generating unique operation named: findAllUsingGET_4
2018-05-28 13:51:42.127  INFO 46815 --- [    Test worker] o.s.m.s.b.SimpleBrokerMessageHandler     : Starting...
2018-05-28 13:51:42.128  INFO 46815 --- [    Test worker] o.s.m.s.b.SimpleBrokerMessageHandler     : BrokerAvailabilityEvent[available=true, SimpleBrokerMessageHandler [DefaultSubscriptionRegistry[cache[0 destination(s)], registry[0 sessions]]]]
2018-05-28 13:51:42.129  INFO 46815 --- [    Test worker] o.s.m.s.b.SimpleBrokerMessageHandler     : Started.
2018-05-28 13:51:42.136  INFO 46815 --- [    Test worker] c.f.wodss.backend.web.BetControllerTest  : Started BetControllerTest in 3.115 seconds (JVM running for 16.955)
2018-05-28 13:51:42.154  INFO 46815 --- [    Test worker] o.s.b.t.m.w.SpringBootMockServletContext : Initializing Spring FrameworkServlet ''
2018-05-28 13:51:42.155  INFO 46815 --- [    Test worker] o.s.t.web.servlet.TestDispatcherServlet  : FrameworkServlet '': initialization started
2018-05-28 13:51:42.167  INFO 46815 --- [    Test worker] o.s.t.web.servlet.TestDispatcherServlet  : FrameworkServlet '': initialization completed in 12 ms
2018-05-28 13:51:42.191  INFO 46815 --- [    Test worker] o.s.b.t.m.w.SpringBootMockServletContext : Initializing Spring FrameworkServlet ''
2018-05-28 13:51:42.192  INFO 46815 --- [    Test worker] o.s.t.web.servlet.TestDispatcherServlet  : FrameworkServlet '': initialization started
2018-05-28 13:51:42.197  INFO 46815 --- [    Test worker] o.s.t.web.servlet.TestDispatcherServlet  : FrameworkServlet '': initialization completed in 5 ms
2018-05-28 13:51:42.211  INFO 46815 --- [    Test worker] o.s.b.t.m.w.SpringBootMockServletContext : Initializing Spring FrameworkServlet ''
2018-05-28 13:51:42.212  INFO 46815 --- [    Test worker] o.s.t.web.servlet.TestDispatcherServlet  : FrameworkServlet '': initialization started
2018-05-28 13:51:42.218  INFO 46815 --- [    Test worker] o.s.t.web.servlet.TestDispatcherServlet  : FrameworkServlet '': initialization completed in 6 ms
2018-05-28 13:51:42.221  WARN 46815 --- [    Test worker] c.f.w.b.w.e.ExceptionHandlerAdvice       : A ResourceException was thrown: 400 - null
2018-05-28 13:51:42.238  INFO 46815 --- [    Test worker] o.s.b.t.m.w.SpringBootMockServletContext : Initializing Spring FrameworkServlet ''
2018-05-28 13:51:42.238  INFO 46815 --- [    Test worker] o.s.t.web.servlet.TestDispatcherServlet  : FrameworkServlet '': initialization started
2018-05-28 13:51:42.246  INFO 46815 --- [    Test worker] o.s.t.web.servlet.TestDispatcherServlet  : FrameworkServlet '': initialization completed in 8 ms
2018-05-28 13:51:42.260  INFO 46815 --- [    Test worker] o.s.b.t.m.w.SpringBootMockServletContext : Initializing Spring FrameworkServlet ''
2018-05-28 13:51:42.261  INFO 46815 --- [    Test worker] o.s.t.web.servlet.TestDispatcherServlet  : FrameworkServlet '': initialization started
2018-05-28 13:51:42.267  INFO 46815 --- [    Test worker] o.s.t.web.servlet.TestDispatcherServlet  : FrameworkServlet '': initialization completed in 5 ms
2018-05-28 13:51:42.279  INFO 46815 --- [    Test worker] o.s.b.t.m.w.SpringBootMockServletContext : Initializing Spring FrameworkServlet ''
2018-05-28 13:51:42.280  INFO 46815 --- [    Test worker] o.s.t.web.servlet.TestDispatcherServlet  : FrameworkServlet '': initialization started
2018-05-28 13:51:42.286  INFO 46815 --- [    Test worker] o.s.t.web.servlet.TestDispatcherServlet  : FrameworkServlet '': initialization completed in 6 ms
2018-05-28 13:51:42.301  INFO 46815 --- [    Test worker] o.s.b.t.m.w.SpringBootMockServletContext : Initializing Spring FrameworkServlet ''
2018-05-28 13:51:42.301  INFO 46815 --- [    Test worker] o.s.t.web.servlet.TestDispatcherServlet  : FrameworkServlet '': initialization started
2018-05-28 13:51:42.306  INFO 46815 --- [    Test worker] o.s.t.web.servlet.TestDispatcherServlet  : FrameworkServlet '': initialization completed in 5 ms
2018-05-28 13:51:42.319  INFO 46815 --- [    Test worker] o.s.b.t.m.w.SpringBootMockServletContext : Initializing Spring FrameworkServlet ''
2018-05-28 13:51:42.321  INFO 46815 --- [    Test worker] o.s.t.web.servlet.TestDispatcherServlet  : FrameworkServlet '': initialization started
2018-05-28 13:51:42.326  INFO 46815 --- [    Test worker] o.s.t.web.servlet.TestDispatcherServlet  : FrameworkServlet '': initialization completed in 5 ms
]]></system-out>
  <system-err><![CDATA[]]></system-err>
</testsuite>
