<?xml version="1.0" encoding="UTF-8"?>
<testsuite name="ch.fhnw.wodss.backend.businesslogic.MatchServiceTest" tests="4" skipped="0" failures="0" errors="0" timestamp="2018-05-28T11:52:58" hostname="Tiagos-MacBook-Pro" time="0.037">
  <properties/>
  <testcase name="update_negativeScore" classname="ch.fhnw.wodss.backend.businesslogic.MatchServiceTest" time="0.013"/>
  <testcase name="update_ok" classname="ch.fhnw.wodss.backend.businesslogic.MatchServiceTest" time="0.014"/>
  <testcase name="update_idDoesNotExist" classname="ch.fhnw.wodss.backend.businesslogic.MatchServiceTest" time="0.003"/>
  <testcase name="findAll_ok" classname="ch.fhnw.wodss.backend.businesslogic.MatchServiceTest" time="0.004"/>
  <system-out><![CDATA[2018-05-28 13:52:55.897  INFO 46815 --- [    Test worker] .b.t.c.SpringBootTestContextBootstrapper : Neither @ContextConfiguration nor @ContextHierarchy found for test class [ch.fhnw.wodss.backend.businesslogic.MatchServiceTest], using SpringBootContextLoader
2018-05-28 13:52:55.898  INFO 46815 --- [    Test worker] o.s.t.c.support.AbstractContextLoader    : Could not detect default resource locations for test class [ch.fhnw.wodss.backend.businesslogic.MatchServiceTest]: no resource found for suffixes {-context.xml, Context.groovy}.
2018-05-28 13:52:55.902  INFO 46815 --- [    Test worker] .b.t.c.SpringBootTestContextBootstrapper : Loaded default TestExecutionListener class names from location [META-INF/spring.factories]: [org.springframework.security.test.context.support.WithSecurityContextTestExecutionListener, org.springframework.security.test.context.support.ReactorContextTestExecutionListener, org.springframework.boot.test.autoconfigure.restdocs.RestDocsTestExecutionListener, org.springframework.boot.test.autoconfigure.web.client.MockRestServiceServerResetTestExecutionListener, org.springframework.boot.test.autoconfigure.web.servlet.MockMvcPrintOnlyOnFailureTestExecutionListener, org.springframework.boot.test.autoconfigure.web.servlet.WebDriverTestExecutionListener, org.springframework.boot.test.mock.mockito.MockitoTestExecutionListener, org.springframework.boot.test.mock.mockito.ResetMocksTestExecutionListener, org.springframework.test.context.web.ServletTestExecutionListener, org.springframework.test.context.support.DirtiesContextBeforeModesTestExecutionListener, org.springframework.test.context.support.DependencyInjectionTestExecutionListener, org.springframework.test.context.support.DirtiesContextTestExecutionListener, org.springframework.test.context.transaction.TransactionalTestExecutionListener, org.springframework.test.context.jdbc.SqlScriptsTestExecutionListener]
2018-05-28 13:52:55.904  INFO 46815 --- [    Test worker] .b.t.c.SpringBootTestContextBootstrapper : Using TestExecutionListeners: [org.springframework.test.context.web.ServletTestExecutionListener@65cff840, org.springframework.test.context.support.DirtiesContextBeforeModesTestExecutionListener@2f227286, org.springframework.boot.test.mock.mockito.MockitoTestExecutionListener@4a22d747, org.springframework.boot.test.autoconfigure.SpringBootDependencyInjectionTestExecutionListener@759501f0, org.springframework.test.context.support.DirtiesContextTestExecutionListener@6f82eafa, org.springframework.test.context.transaction.TransactionalTestExecutionListener@530803ce, org.springframework.test.context.jdbc.SqlScriptsTestExecutionListener@fcc6e07, org.springframework.security.test.context.support.WithSecurityContextTestExecutionListener@520b648f, org.springframework.security.test.context.support.ReactorContextTestExecutionListener@2a26910e, org.springframework.boot.test.autoconfigure.restdocs.RestDocsTestExecutionListener@39a3f1f7, org.springframework.boot.test.autoconfigure.web.client.MockRestServiceServerResetTestExecutionListener@55f30c92, org.springframework.boot.test.autoconfigure.web.servlet.MockMvcPrintOnlyOnFailureTestExecutionListener@5c5535bf, org.springframework.boot.test.autoconfigure.web.servlet.WebDriverTestExecutionListener@42e561da, org.springframework.boot.test.mock.mockito.ResetMocksTestExecutionListener@646f1c38]
2018-05-28 13:52:55.938  INFO 46815 --- [    Test worker] c.f.w.b.businesslogic.MatchServiceTest   : Starting MatchServiceTest on Tiagos-MacBook-Pro with PID 46815 (started by tiago in /Users/tiago/CloudStation/home/Documents/FHNW/Modules/6. Semester/_workspace/wodss-backend)
2018-05-28 13:52:55.938  INFO 46815 --- [    Test worker] c.f.w.b.businesslogic.MatchServiceTest   : No active profile set, falling back to default profiles: default
2018-05-28 13:52:55.941  INFO 46815 --- [    Test worker] o.s.w.c.s.GenericWebApplicationContext   : Refreshing org.springframework.web.context.support.GenericWebApplicationContext@30d4dd16: startup date [Mon May 28 13:52:55 CEST 2018]; root of context hierarchy
2018-05-28 13:52:56.497  INFO 46815 --- [    Test worker] trationDelegate$BeanPostProcessorChecker : Bean 'org.springframework.transaction.annotation.ProxyTransactionManagementConfiguration' of type [org.springframework.transaction.annotation.ProxyTransactionManagementConfiguration$$EnhancerBySpringCGLIB$$1d23fd52] is not eligible for getting processed by all BeanPostProcessors (for example: not eligible for auto-proxying)
2018-05-28 13:52:56.608  INFO 46815 --- [    Test worker] com.zaxxer.hikari.HikariDataSource       : HikariPool-8 - Starting...
2018-05-28 13:52:56.609  INFO 46815 --- [    Test worker] com.zaxxer.hikari.HikariDataSource       : HikariPool-8 - Start completed.
2018-05-28 13:52:56.638  INFO 46815 --- [    Test worker] j.LocalContainerEntityManagerFactoryBean : Building JPA container EntityManagerFactory for persistence unit 'default'
2018-05-28 13:52:56.639  INFO 46815 --- [    Test worker] o.hibernate.jpa.internal.util.LogHelper  : HHH000204: Processing PersistenceUnitInfo [
	name: default
	...]
2018-05-28 13:52:56.654  INFO 46815 --- [    Test worker] org.hibernate.dialect.Dialect            : HHH000400: Using dialect: org.hibernate.dialect.H2Dialect
2018-05-28 13:52:56.740  INFO 46815 --- [    Test worker] o.h.t.schema.internal.SchemaCreatorImpl  : HHH000476: Executing import script 'org.hibernate.tool.schema.internal.exec.ScriptSourceInputNonExistentImpl@2cc3b7c8'
2018-05-28 13:52:56.741  INFO 46815 --- [    Test worker] j.LocalContainerEntityManagerFactoryBean : Initialized JPA EntityManagerFactory for persistence unit 'default'
2018-05-28 13:52:56.775  INFO 46815 --- [    Test worker] o.s.jdbc.datasource.init.ScriptUtils     : Executing SQL script from URL [file:/Users/tiago/CloudStation/home/Documents/FHNW/Modules/6.%20Semester/_workspace/wodss-backend/build/resources/main/data.sql]
2018-05-28 13:52:56.788  INFO 46815 --- [    Test worker] o.s.jdbc.datasource.init.ScriptUtils     : Executed SQL script from URL [file:/Users/tiago/CloudStation/home/Documents/FHNW/Modules/6.%20Semester/_workspace/wodss-backend/build/resources/main/data.sql] in 12 ms.
2018-05-28 13:52:56.944  INFO 46815 --- [    Test worker] o.s.s.concurrent.ThreadPoolTaskExecutor  : Initializing ExecutorService  'clientInboundChannelExecutor'
2018-05-28 13:52:56.951  INFO 46815 --- [    Test worker] o.s.s.concurrent.ThreadPoolTaskExecutor  : Initializing ExecutorService  'clientOutboundChannelExecutor'
2018-05-28 13:52:57.320  WARN 46815 --- [    Test worker] aWebConfiguration$JpaWebMvcConfiguration : spring.jpa.open-in-view is enabled by default. Therefore, database queries may be performed during view rendering. Explicitly configure spring.jpa.open-in-view to disable this warning
2018-05-28 13:52:57.360  INFO 46815 --- [    Test worker] s.w.s.m.m.a.RequestMappingHandlerMapping : Mapped "{[/registrieren || /passwortvergessen || /tipps || /gruppen || /rangliste || /profil || /ergebnisse]}" onto public java.lang.String ch.fhnw.wodss.backend.web.FrontendController.frontend()
2018-05-28 13:52:57.362  INFO 46815 --- [    Test worker] s.w.s.m.m.a.RequestMappingHandlerMapping : Mapped "{[/api/bets/{id}],methods=[PUT]}" onto public org.springframework.http.ResponseEntity<ch.fhnw.wodss.backend.messaging.UpdateMessage> ch.fhnw.wodss.backend.web.rest.BetController.update(java.lang.Long,ch.fhnw.wodss.backend.dto.BetChangeDto)
2018-05-28 13:52:57.362  INFO 46815 --- [    Test worker] s.w.s.m.m.a.RequestMappingHandlerMapping : Mapped "{[/api/bets],methods=[POST]}" onto public org.springframework.http.ResponseEntity<ch.fhnw.wodss.backend.messaging.UpdateMessage> ch.fhnw.wodss.backend.web.rest.BetController.create(ch.fhnw.wodss.backend.dto.BetDto)
2018-05-28 13:52:57.363  INFO 46815 --- [    Test worker] s.w.s.m.m.a.RequestMappingHandlerMapping : Mapped "{[/api/bets],methods=[GET]}" onto public org.springframework.http.ResponseEntity<java.util.List<ch.fhnw.wodss.backend.dto.BetDto>> ch.fhnw.wodss.backend.web.rest.BetController.findAll()
2018-05-28 13:52:57.365  INFO 46815 --- [    Test worker] s.w.s.m.m.a.RequestMappingHandlerMapping : Mapped "{[/api/communities/{id}],methods=[DELETE]}" onto public org.springframework.http.ResponseEntity<ch.fhnw.wodss.backend.messaging.UpdateMessage> ch.fhnw.wodss.backend.web.rest.CommunityController.delete(java.lang.Long)
2018-05-28 13:52:57.365  INFO 46815 --- [    Test worker] s.w.s.m.m.a.RequestMappingHandlerMapping : Mapped "{[/api/communities],methods=[POST]}" onto public org.springframework.http.ResponseEntity<ch.fhnw.wodss.backend.messaging.UpdateMessage> ch.fhnw.wodss.backend.web.rest.CommunityController.create(ch.fhnw.wodss.backend.dto.CommunityCreateDto)
2018-05-28 13:52:57.366  INFO 46815 --- [    Test worker] s.w.s.m.m.a.RequestMappingHandlerMapping : Mapped "{[/api/communities],methods=[GET]}" onto public org.springframework.http.ResponseEntity<java.util.List<ch.fhnw.wodss.backend.dto.CommunityDataDto>> ch.fhnw.wodss.backend.web.rest.CommunityController.findAll()
2018-05-28 13:52:57.367  INFO 46815 --- [    Test worker] s.w.s.m.m.a.RequestMappingHandlerMapping : Mapped "{[/api/communities/{communityId}/joinrequests],methods=[POST]}" onto public org.springframework.http.ResponseEntity<ch.fhnw.wodss.backend.messaging.UpdateMessage> ch.fhnw.wodss.backend.web.rest.CommunityController.createJoinRequest(java.lang.Long)
2018-05-28 13:52:57.368  INFO 46815 --- [    Test worker] s.w.s.m.m.a.RequestMappingHandlerMapping : Mapped "{[/api/communities/{communityId}/joinrequests/{joinRequesterId}],methods=[DELETE]}" onto public org.springframework.http.ResponseEntity<ch.fhnw.wodss.backend.messaging.UpdateMessage> ch.fhnw.wodss.backend.web.rest.CommunityController.deleteJoinRequest(java.lang.Long,java.lang.Long)
2018-05-28 13:52:57.370  INFO 46815 --- [    Test worker] s.w.s.m.m.a.RequestMappingHandlerMapping : Mapped "{[/api/communities/{communityId}/members],methods=[POST]}" onto public org.springframework.http.ResponseEntity<ch.fhnw.wodss.backend.messaging.UpdateMessage> ch.fhnw.wodss.backend.web.rest.CommunityController.acceptJoinRequest(java.lang.Long,ch.fhnw.wodss.backend.dto.CommunityChangeDto)
2018-05-28 13:52:57.371  INFO 46815 --- [    Test worker] s.w.s.m.m.a.RequestMappingHandlerMapping : Mapped "{[/api/communities/{communityId}/members/{memberId}],methods=[DELETE]}" onto public org.springframework.http.ResponseEntity<ch.fhnw.wodss.backend.messaging.UpdateMessage> ch.fhnw.wodss.backend.web.rest.CommunityController.deleteMember(java.lang.Long,java.lang.Long)
2018-05-28 13:52:57.372  INFO 46815 --- [    Test worker] s.w.s.m.m.a.RequestMappingHandlerMapping : Mapped "{[/api/matches/{id}],methods=[PUT]}" onto public org.springframework.http.ResponseEntity<ch.fhnw.wodss.backend.messaging.UpdateMessage> ch.fhnw.wodss.backend.web.rest.MatchController.update(java.lang.Long,ch.fhnw.wodss.backend.dto.MatchChangeDto)
2018-05-28 13:52:57.372  INFO 46815 --- [    Test worker] s.w.s.m.m.a.RequestMappingHandlerMapping : Mapped "{[/api/matches],methods=[GET]}" onto public org.springframework.http.ResponseEntity<java.util.List<ch.fhnw.wodss.backend.dto.MatchDto>> ch.fhnw.wodss.backend.web.rest.MatchController.findAll()
2018-05-28 13:52:57.373  INFO 46815 --- [    Test worker] s.w.s.m.m.a.RequestMappingHandlerMapping : Mapped "{[/api/teams],methods=[GET]}" onto public org.springframework.http.ResponseEntity<java.util.List<ch.fhnw.wodss.backend.dto.TeamDto>> ch.fhnw.wodss.backend.web.rest.TeamController.findAll()
2018-05-28 13:52:57.375  INFO 46815 --- [    Test worker] s.w.s.m.m.a.RequestMappingHandlerMapping : Mapped "{[/api/users],methods=[POST]}" onto public org.springframework.http.ResponseEntity<ch.fhnw.wodss.backend.messaging.UpdateMessage> ch.fhnw.wodss.backend.web.rest.UserController.create(ch.fhnw.wodss.backend.dto.UserCreateDto)
2018-05-28 13:52:57.375  INFO 46815 --- [    Test worker] s.w.s.m.m.a.RequestMappingHandlerMapping : Mapped "{[/api/users],methods=[GET]}" onto public org.springframework.http.ResponseEntity<java.util.List<ch.fhnw.wodss.backend.dto.UserPublicDto>> ch.fhnw.wodss.backend.web.rest.UserController.findAll()
2018-05-28 13:52:57.377  INFO 46815 --- [    Test worker] s.w.s.m.m.a.RequestMappingHandlerMapping : Mapped "{[/api/users/{id}],methods=[GET]}" onto public org.springframework.http.ResponseEntity<ch.fhnw.wodss.backend.dto.UserPrivateDto> ch.fhnw.wodss.backend.web.rest.UserController.getOne(java.lang.Long)
2018-05-28 13:52:57.377  INFO 46815 --- [    Test worker] s.w.s.m.m.a.RequestMappingHandlerMapping : Mapped "{[/api/users/{id}],methods=[PUT]}" onto public org.springframework.http.ResponseEntity<ch.fhnw.wodss.backend.messaging.UpdateMessage> ch.fhnw.wodss.backend.web.rest.UserController.updateData(java.lang.Long,ch.fhnw.wodss.backend.dto.UserDataChangeDto)
2018-05-28 13:52:57.377  INFO 46815 --- [    Test worker] s.w.s.m.m.a.RequestMappingHandlerMapping : Mapped "{[/api/users/{id}],methods=[POST]}" onto public org.springframework.http.ResponseEntity<ch.fhnw.wodss.backend.dto.UserPrivateDto> ch.fhnw.wodss.backend.web.rest.UserController.updatePassword(java.lang.Long,ch.fhnw.wodss.backend.dto.UserPasswordChangeDto)
2018-05-28 13:52:57.378  INFO 46815 --- [    Test worker] s.w.s.m.m.a.RequestMappingHandlerMapping : Mapped "{[/api/users/passwordreset/request],methods=[POST]}" onto public org.springframework.http.ResponseEntity<java.lang.Void> ch.fhnw.wodss.backend.web.rest.UserController.resetPasswordRequest(ch.fhnw.wodss.backend.dto.UserPasswordResetRequestDto)
2018-05-28 13:52:57.378  INFO 46815 --- [    Test worker] s.w.s.m.m.a.RequestMappingHandlerMapping : Mapped "{[/api/users/passwordreset],methods=[POST]}" onto public org.springframework.http.ResponseEntity<java.lang.Void> ch.fhnw.wodss.backend.web.rest.UserController.resetPassword(ch.fhnw.wodss.backend.dto.UserPasswordResetDto)
2018-05-28 13:52:57.380  INFO 46815 --- [    Test worker] s.w.s.m.m.a.RequestMappingHandlerMapping : Mapped "{[/swagger-resources/configuration/security]}" onto public org.springframework.http.ResponseEntity<springfox.documentation.swagger.web.SecurityConfiguration> springfox.documentation.swagger.web.ApiResourceController.securityConfiguration()
2018-05-28 13:52:57.381  INFO 46815 --- [    Test worker] s.w.s.m.m.a.RequestMappingHandlerMapping : Mapped "{[/swagger-resources/configuration/ui]}" onto public org.springframework.http.ResponseEntity<springfox.documentation.swagger.web.UiConfiguration> springfox.documentation.swagger.web.ApiResourceController.uiConfiguration()
2018-05-28 13:52:57.381  INFO 46815 --- [    Test worker] s.w.s.m.m.a.RequestMappingHandlerMapping : Mapped "{[/swagger-resources]}" onto public org.springframework.http.ResponseEntity<java.util.List<springfox.documentation.swagger.web.SwaggerResource>> springfox.documentation.swagger.web.ApiResourceController.swaggerResources()
2018-05-28 13:52:57.383  INFO 46815 --- [    Test worker] s.w.s.m.m.a.RequestMappingHandlerMapping : Mapped "{[/error]}" onto public org.springframework.http.ResponseEntity<java.util.Map<java.lang.String, java.lang.Object>> org.springframework.boot.autoconfigure.web.servlet.error.BasicErrorController.error(javax.servlet.http.HttpServletRequest)
2018-05-28 13:52:57.384  INFO 46815 --- [    Test worker] s.w.s.m.m.a.RequestMappingHandlerMapping : Mapped "{[/error],produces=[text/html]}" onto public org.springframework.web.servlet.ModelAndView org.springframework.boot.autoconfigure.web.servlet.error.BasicErrorController.errorHtml(javax.servlet.http.HttpServletRequest,javax.servlet.http.HttpServletResponse)
2018-05-28 13:52:57.497  INFO 46815 --- [    Test worker] pertySourcedRequestMappingHandlerMapping : Mapped URL path [/api/swagger] onto method [public org.springframework.http.ResponseEntity<springfox.documentation.spring.web.json.Json> springfox.documentation.swagger2.web.Swagger2Controller.getDocumentation(java.lang.String,javax.servlet.http.HttpServletRequest)]
2018-05-28 13:52:57.511  INFO 46815 --- [    Test worker] o.s.s.c.ThreadPoolTaskScheduler          : Initializing ExecutorService  'messageBrokerTaskScheduler'
2018-05-28 13:52:57.521  INFO 46815 --- [    Test worker] o.s.w.s.s.s.WebSocketHandlerMapping      : Mapped URL path [/api/stomp/**] onto handler of type [class org.springframework.web.socket.sockjs.support.SockJsHttpRequestHandler]
2018-05-28 13:52:57.527  INFO 46815 --- [    Test worker] o.s.s.concurrent.ThreadPoolTaskExecutor  : Initializing ExecutorService  'brokerChannelExecutor'
2018-05-28 13:52:57.631  INFO 46815 --- [    Test worker] o.s.s.w.a.c.ChannelProcessingFilter      : Validated configuration attributes
2018-05-28 13:52:57.652  INFO 46815 --- [    Test worker] o.s.s.web.DefaultSecurityFilterChain     : Creating filter chain: org.springframework.security.web.util.matcher.AnyRequestMatcher@1, [org.springframework.security.web.access.channel.ChannelProcessingFilter@73466fd2, org.springframework.security.web.context.request.async.WebAsyncManagerIntegrationFilter@5aebfb67, org.springframework.security.web.context.SecurityContextPersistenceFilter@678be81b, org.springframework.security.web.header.HeaderWriterFilter@234fab50, org.springframework.security.web.authentication.logout.LogoutFilter@5bf98391, org.springframework.security.web.authentication.UsernamePasswordAuthenticationFilter@788c59af, org.springframework.security.web.savedrequest.RequestCacheAwareFilter@129b708, org.springframework.security.web.servletapi.SecurityContextHolderAwareRequestFilter@5f629956, org.springframework.security.web.authentication.AnonymousAuthenticationFilter@236fae02, org.springframework.security.web.session.SessionManagementFilter@71aeb635, org.springframework.security.web.access.ExceptionTranslationFilter@3bbbbff5, org.springframework.security.web.access.intercept.FilterSecurityInterceptor@43889821]
2018-05-28 13:52:57.759  INFO 46815 --- [    Test worker] o.s.w.s.handler.SimpleUrlHandlerMapping  : Mapped URL path [/**/favicon.ico] onto handler of type [class org.springframework.web.servlet.resource.ResourceHttpRequestHandler]
2018-05-28 13:52:57.792  INFO 46815 --- [    Test worker] s.w.s.m.m.a.RequestMappingHandlerAdapter : Looking for @ControllerAdvice: org.springframework.web.context.support.GenericWebApplicationContext@30d4dd16: startup date [Mon May 28 13:52:55 CEST 2018]; root of context hierarchy
2018-05-28 13:52:57.810  INFO 46815 --- [    Test worker] o.s.w.s.handler.SimpleUrlHandlerMapping  : Mapped URL path [/webjars/**] onto handler of type [class org.springframework.web.servlet.resource.ResourceHttpRequestHandler]
2018-05-28 13:52:57.810  INFO 46815 --- [    Test worker] o.s.w.s.handler.SimpleUrlHandlerMapping  : Mapped URL path [/**] onto handler of type [class org.springframework.web.servlet.resource.ResourceHttpRequestHandler]
2018-05-28 13:52:57.819  INFO 46815 --- [    Test worker] .m.m.a.ExceptionHandlerExceptionResolver : Detected @ExceptionHandler methods in exceptionHandlerAdvice
2018-05-28 13:52:57.986  INFO 46815 --- [    Test worker] o.s.c.support.DefaultLifecycleProcessor  : Starting beans in phase 2147483647
2018-05-28 13:52:57.986  INFO 46815 --- [    Test worker] d.s.w.p.DocumentationPluginsBootstrapper : Context refreshed
2018-05-28 13:52:57.988  INFO 46815 --- [    Test worker] d.s.w.p.DocumentationPluginsBootstrapper : Found 1 custom documentation plugin(s)
2018-05-28 13:52:57.995  INFO 46815 --- [    Test worker] s.d.s.w.s.ApiListingReferenceScanner     : Scanning for api listing references
2018-05-28 13:52:58.019  INFO 46815 --- [    Test worker] .d.s.w.r.o.CachingOperationNameGenerator : Generating unique operation named: createUsingPOST_1
2018-05-28 13:52:58.106  INFO 46815 --- [    Test worker] .d.s.w.r.o.CachingOperationNameGenerator : Generating unique operation named: findAllUsingGET_1
2018-05-28 13:52:58.114  INFO 46815 --- [    Test worker] .d.s.w.r.o.CachingOperationNameGenerator : Generating unique operation named: findAllUsingGET_2
2018-05-28 13:52:58.117  INFO 46815 --- [    Test worker] .d.s.w.r.o.CachingOperationNameGenerator : Generating unique operation named: updateUsingPUT_1
2018-05-28 13:52:58.118  INFO 46815 --- [    Test worker] .d.s.w.r.o.CachingOperationNameGenerator : Generating unique operation named: findAllUsingGET_3
2018-05-28 13:52:58.121  INFO 46815 --- [    Test worker] .d.s.w.r.o.CachingOperationNameGenerator : Generating unique operation named: createUsingPOST_2
2018-05-28 13:52:58.123  INFO 46815 --- [    Test worker] .d.s.w.r.o.CachingOperationNameGenerator : Generating unique operation named: findAllUsingGET_4
2018-05-28 13:52:58.133  INFO 46815 --- [    Test worker] o.s.m.s.b.SimpleBrokerMessageHandler     : Starting...
2018-05-28 13:52:58.133  INFO 46815 --- [    Test worker] o.s.m.s.b.SimpleBrokerMessageHandler     : BrokerAvailabilityEvent[available=true, SimpleBrokerMessageHandler [DefaultSubscriptionRegistry[cache[0 destination(s)], registry[0 sessions]]]]
2018-05-28 13:52:58.134  INFO 46815 --- [    Test worker] o.s.m.s.b.SimpleBrokerMessageHandler     : Started.
2018-05-28 13:52:58.139  INFO 46815 --- [    Test worker] c.f.w.b.businesslogic.MatchServiceTest   : Started MatchServiceTest in 2.233 seconds (JVM running for 92.958)
2018-05-28 13:52:58.160  WARN 46815 --- [    Test worker] c.f.w.b.businesslogic.MatchService       : The provided MatchDto was invalid (uid=1)
2018-05-28 13:52:58.175  INFO 46815 --- [    Test worker] c.f.w.b.businesslogic.MatchService       : Updated match with id 1
2018-05-28 13:52:58.180  WARN 46815 --- [    Test worker] c.f.w.b.businesslogic.MatchService       : Invalid match id received (uid=1)
2018-05-28 13:52:58.184  INFO 46815 --- [    Test worker] c.f.w.b.businesslogic.MatchService       : Found 1 matches
]]></system-out>
  <system-err><![CDATA[]]></system-err>
</testsuite>
