<?xml version="1.0" encoding="UTF-8"?>
<testsuite name="ch.fhnw.wodss.backend.web.UserControllerTest" tests="23" skipped="0" failures="0" errors="0" timestamp="2018-05-28T11:51:38" hostname="Tiagos-MacBook-Pro" time="0.867">
  <properties/>
  <testcase name="resetPasswordRequest_Ok" classname="ch.fhnw.wodss.backend.web.UserControllerTest" time="0.246"/>
  <testcase name="update_Ok" classname="ch.fhnw.wodss.backend.web.UserControllerTest" time="0.026"/>
  <testcase name="resetPassword_IllegalArgument" classname="ch.fhnw.wodss.backend.web.UserControllerTest" time="0.024"/>
  <testcase name="updatePassword_IllegalAccess" classname="ch.fhnw.wodss.backend.web.UserControllerTest" time="0.022"/>
  <testcase name="resetPasswordRequest_IllegalArgument" classname="ch.fhnw.wodss.backend.web.UserControllerTest" time="0.018"/>
  <testcase name="resetPassword_Ok" classname="ch.fhnw.wodss.backend.web.UserControllerTest" time="0.013"/>
  <testcase name="getOne_IllegalAccess" classname="ch.fhnw.wodss.backend.web.UserControllerTest" time="0.013"/>
  <testcase name="create_IllegalArgument" classname="ch.fhnw.wodss.backend.web.UserControllerTest" time="0.016"/>
  <testcase name="resetPasswordRequest_NoSuchElement" classname="ch.fhnw.wodss.backend.web.UserControllerTest" time="0.016"/>
  <testcase name="create_IllegalState" classname="ch.fhnw.wodss.backend.web.UserControllerTest" time="0.018"/>
  <testcase name="updatePassword_NoSuchElement" classname="ch.fhnw.wodss.backend.web.UserControllerTest" time="0.061"/>
  <testcase name="findAll_Ok" classname="ch.fhnw.wodss.backend.web.UserControllerTest" time="0.062"/>
  <testcase name="update_IllegalAccess" classname="ch.fhnw.wodss.backend.web.UserControllerTest" time="0.02"/>
  <testcase name="updatePassword_IllegalArgument" classname="ch.fhnw.wodss.backend.web.UserControllerTest" time="0.061"/>
  <testcase name="getOne_NoSuchElement" classname="ch.fhnw.wodss.backend.web.UserControllerTest" time="0.015"/>
  <testcase name="resetPassword_IllegalState" classname="ch.fhnw.wodss.backend.web.UserControllerTest" time="0.029"/>
  <testcase name="updatePassword_Ok" classname="ch.fhnw.wodss.backend.web.UserControllerTest" time="0.021"/>
  <testcase name="resetPassword_NoSuchElement" classname="ch.fhnw.wodss.backend.web.UserControllerTest" time="0.015"/>
  <testcase name="update_NoSuchElement" classname="ch.fhnw.wodss.backend.web.UserControllerTest" time="0.014"/>
  <testcase name="create_Ok" classname="ch.fhnw.wodss.backend.web.UserControllerTest" time="0.03"/>
  <testcase name="getOne_Ok" classname="ch.fhnw.wodss.backend.web.UserControllerTest" time="0.015"/>
  <testcase name="update_IllegalArgument" classname="ch.fhnw.wodss.backend.web.UserControllerTest" time="0.018"/>
  <testcase name="updatePassword_IllegalState" classname="ch.fhnw.wodss.backend.web.UserControllerTest" time="0.021"/>
  <system-out><![CDATA[2018-05-28 13:51:27.566  INFO 46815 --- [    Test worker] c.f.w.backend.web.UserControllerTest     : Starting UserControllerTest on Tiagos-MacBook-Pro with PID 46815 (started by tiago in /Users/tiago/CloudStation/home/Documents/FHNW/Modules/6. Semester/_workspace/wodss-backend)
2018-05-28 13:51:27.575  INFO 46815 --- [    Test worker] c.f.w.backend.web.UserControllerTest     : No active profile set, falling back to default profiles: default
2018-05-28 13:51:27.691  INFO 46815 --- [    Test worker] o.s.w.c.s.GenericWebApplicationContext   : Refreshing org.springframework.web.context.support.GenericWebApplicationContext@5e71e735: startup date [Mon May 28 13:51:27 CEST 2018]; root of context hierarchy
2018-05-28 13:51:30.982  INFO 46815 --- [    Test worker] trationDelegate$BeanPostProcessorChecker : Bean 'org.springframework.transaction.annotation.ProxyTransactionManagementConfiguration' of type [org.springframework.transaction.annotation.ProxyTransactionManagementConfiguration$$EnhancerBySpringCGLIB$$1d23fd52] is not eligible for getting processed by all BeanPostProcessors (for example: not eligible for auto-proxying)
2018-05-28 13:51:31.313  INFO 46815 --- [    Test worker] com.zaxxer.hikari.HikariDataSource       : HikariPool-1 - Starting...
2018-05-28 13:51:31.575  INFO 46815 --- [    Test worker] com.zaxxer.hikari.HikariDataSource       : HikariPool-1 - Start completed.
2018-05-28 13:51:31.660  INFO 46815 --- [    Test worker] j.LocalContainerEntityManagerFactoryBean : Building JPA container EntityManagerFactory for persistence unit 'default'
2018-05-28 13:51:31.699  INFO 46815 --- [    Test worker] o.hibernate.jpa.internal.util.LogHelper  : HHH000204: Processing PersistenceUnitInfo [
	name: default
	...]
2018-05-28 13:51:31.816  INFO 46815 --- [    Test worker] org.hibernate.Version                    : HHH000412: Hibernate Core {5.2.17.Final}
2018-05-28 13:51:31.819  INFO 46815 --- [    Test worker] org.hibernate.cfg.Environment            : HHH000206: hibernate.properties not found
2018-05-28 13:51:31.903  INFO 46815 --- [    Test worker] o.hibernate.annotations.common.Version   : HCANN000001: Hibernate Commons Annotations {5.0.1.Final}
2018-05-28 13:51:32.107  INFO 46815 --- [    Test worker] org.hibernate.dialect.Dialect            : HHH000400: Using dialect: org.hibernate.dialect.H2Dialect
2018-05-28 13:51:33.223  INFO 46815 --- [    Test worker] o.h.t.schema.internal.SchemaCreatorImpl  : HHH000476: Executing import script 'org.hibernate.tool.schema.internal.exec.ScriptSourceInputNonExistentImpl@2cc3b7c8'
2018-05-28 13:51:33.227  INFO 46815 --- [    Test worker] j.LocalContainerEntityManagerFactoryBean : Initialized JPA EntityManagerFactory for persistence unit 'default'
2018-05-28 13:51:33.325  INFO 46815 --- [    Test worker] o.s.jdbc.datasource.init.ScriptUtils     : Executing SQL script from URL [file:/Users/tiago/CloudStation/home/Documents/FHNW/Modules/6.%20Semester/_workspace/wodss-backend/build/resources/main/data.sql]
2018-05-28 13:51:33.394  INFO 46815 --- [    Test worker] o.s.jdbc.datasource.init.ScriptUtils     : Executed SQL script from URL [file:/Users/tiago/CloudStation/home/Documents/FHNW/Modules/6.%20Semester/_workspace/wodss-backend/build/resources/main/data.sql] in 68 ms.
2018-05-28 13:51:34.445  INFO 46815 --- [    Test worker] o.s.s.concurrent.ThreadPoolTaskExecutor  : Initializing ExecutorService  'clientInboundChannelExecutor'
2018-05-28 13:51:34.458  INFO 46815 --- [    Test worker] o.s.s.concurrent.ThreadPoolTaskExecutor  : Initializing ExecutorService  'clientOutboundChannelExecutor'
2018-05-28 13:51:35.720  WARN 46815 --- [    Test worker] aWebConfiguration$JpaWebMvcConfiguration : spring.jpa.open-in-view is enabled by default. Therefore, database queries may be performed during view rendering. Explicitly configure spring.jpa.open-in-view to disable this warning
2018-05-28 13:51:35.852  INFO 46815 --- [    Test worker] s.w.s.m.m.a.RequestMappingHandlerMapping : Mapped "{[/registrieren || /passwortvergessen || /tipps || /gruppen || /rangliste || /profil || /ergebnisse]}" onto public java.lang.String ch.fhnw.wodss.backend.web.FrontendController.frontend()
2018-05-28 13:51:35.860  INFO 46815 --- [    Test worker] s.w.s.m.m.a.RequestMappingHandlerMapping : Mapped "{[/api/bets/{id}],methods=[PUT]}" onto public org.springframework.http.ResponseEntity<ch.fhnw.wodss.backend.messaging.UpdateMessage> ch.fhnw.wodss.backend.web.rest.BetController.update(java.lang.Long,ch.fhnw.wodss.backend.dto.BetChangeDto)
2018-05-28 13:51:35.861  INFO 46815 --- [    Test worker] s.w.s.m.m.a.RequestMappingHandlerMapping : Mapped "{[/api/bets],methods=[POST]}" onto public org.springframework.http.ResponseEntity<ch.fhnw.wodss.backend.messaging.UpdateMessage> ch.fhnw.wodss.backend.web.rest.BetController.create(ch.fhnw.wodss.backend.dto.BetDto)
2018-05-28 13:51:35.862  INFO 46815 --- [    Test worker] s.w.s.m.m.a.RequestMappingHandlerMapping : Mapped "{[/api/bets],methods=[GET]}" onto public org.springframework.http.ResponseEntity<java.util.List<ch.fhnw.wodss.backend.dto.BetDto>> ch.fhnw.wodss.backend.web.rest.BetController.findAll()
2018-05-28 13:51:35.867  INFO 46815 --- [    Test worker] s.w.s.m.m.a.RequestMappingHandlerMapping : Mapped "{[/api/communities/{id}],methods=[DELETE]}" onto public org.springframework.http.ResponseEntity<ch.fhnw.wodss.backend.messaging.UpdateMessage> ch.fhnw.wodss.backend.web.rest.CommunityController.delete(java.lang.Long)
2018-05-28 13:51:35.868  INFO 46815 --- [    Test worker] s.w.s.m.m.a.RequestMappingHandlerMapping : Mapped "{[/api/communities],methods=[POST]}" onto public org.springframework.http.ResponseEntity<ch.fhnw.wodss.backend.messaging.UpdateMessage> ch.fhnw.wodss.backend.web.rest.CommunityController.create(ch.fhnw.wodss.backend.dto.CommunityCreateDto)
2018-05-28 13:51:35.870  INFO 46815 --- [    Test worker] s.w.s.m.m.a.RequestMappingHandlerMapping : Mapped "{[/api/communities],methods=[GET]}" onto public org.springframework.http.ResponseEntity<java.util.List<ch.fhnw.wodss.backend.dto.CommunityDataDto>> ch.fhnw.wodss.backend.web.rest.CommunityController.findAll()
2018-05-28 13:51:35.870  INFO 46815 --- [    Test worker] s.w.s.m.m.a.RequestMappingHandlerMapping : Mapped "{[/api/communities/{communityId}/joinrequests],methods=[POST]}" onto public org.springframework.http.ResponseEntity<ch.fhnw.wodss.backend.messaging.UpdateMessage> ch.fhnw.wodss.backend.web.rest.CommunityController.createJoinRequest(java.lang.Long)
2018-05-28 13:51:35.871  INFO 46815 --- [    Test worker] s.w.s.m.m.a.RequestMappingHandlerMapping : Mapped "{[/api/communities/{communityId}/joinrequests/{joinRequesterId}],methods=[DELETE]}" onto public org.springframework.http.ResponseEntity<ch.fhnw.wodss.backend.messaging.UpdateMessage> ch.fhnw.wodss.backend.web.rest.CommunityController.deleteJoinRequest(java.lang.Long,java.lang.Long)
2018-05-28 13:51:35.872  INFO 46815 --- [    Test worker] s.w.s.m.m.a.RequestMappingHandlerMapping : Mapped "{[/api/communities/{communityId}/members],methods=[POST]}" onto public org.springframework.http.ResponseEntity<ch.fhnw.wodss.backend.messaging.UpdateMessage> ch.fhnw.wodss.backend.web.rest.CommunityController.acceptJoinRequest(java.lang.Long,ch.fhnw.wodss.backend.dto.CommunityChangeDto)
2018-05-28 13:51:35.872  INFO 46815 --- [    Test worker] s.w.s.m.m.a.RequestMappingHandlerMapping : Mapped "{[/api/communities/{communityId}/members/{memberId}],methods=[DELETE]}" onto public org.springframework.http.ResponseEntity<ch.fhnw.wodss.backend.messaging.UpdateMessage> ch.fhnw.wodss.backend.web.rest.CommunityController.deleteMember(java.lang.Long,java.lang.Long)
2018-05-28 13:51:35.874  INFO 46815 --- [    Test worker] s.w.s.m.m.a.RequestMappingHandlerMapping : Mapped "{[/api/matches/{id}],methods=[PUT]}" onto public org.springframework.http.ResponseEntity<ch.fhnw.wodss.backend.messaging.UpdateMessage> ch.fhnw.wodss.backend.web.rest.MatchController.update(java.lang.Long,ch.fhnw.wodss.backend.dto.MatchChangeDto)
2018-05-28 13:51:35.875  INFO 46815 --- [    Test worker] s.w.s.m.m.a.RequestMappingHandlerMapping : Mapped "{[/api/matches],methods=[GET]}" onto public org.springframework.http.ResponseEntity<java.util.List<ch.fhnw.wodss.backend.dto.MatchDto>> ch.fhnw.wodss.backend.web.rest.MatchController.findAll()
2018-05-28 13:51:35.876  INFO 46815 --- [    Test worker] s.w.s.m.m.a.RequestMappingHandlerMapping : Mapped "{[/api/teams],methods=[GET]}" onto public org.springframework.http.ResponseEntity<java.util.List<ch.fhnw.wodss.backend.dto.TeamDto>> ch.fhnw.wodss.backend.web.rest.TeamController.findAll()
2018-05-28 13:51:35.880  INFO 46815 --- [    Test worker] s.w.s.m.m.a.RequestMappingHandlerMapping : Mapped "{[/api/users],methods=[POST]}" onto public org.springframework.http.ResponseEntity<ch.fhnw.wodss.backend.messaging.UpdateMessage> ch.fhnw.wodss.backend.web.rest.UserController.create(ch.fhnw.wodss.backend.dto.UserCreateDto)
2018-05-28 13:51:35.882  INFO 46815 --- [    Test worker] s.w.s.m.m.a.RequestMappingHandlerMapping : Mapped "{[/api/users],methods=[GET]}" onto public org.springframework.http.ResponseEntity<java.util.List<ch.fhnw.wodss.backend.dto.UserPublicDto>> ch.fhnw.wodss.backend.web.rest.UserController.findAll()
2018-05-28 13:51:35.883  INFO 46815 --- [    Test worker] s.w.s.m.m.a.RequestMappingHandlerMapping : Mapped "{[/api/users/{id}],methods=[GET]}" onto public org.springframework.http.ResponseEntity<ch.fhnw.wodss.backend.dto.UserPrivateDto> ch.fhnw.wodss.backend.web.rest.UserController.getOne(java.lang.Long)
2018-05-28 13:51:35.884  INFO 46815 --- [    Test worker] s.w.s.m.m.a.RequestMappingHandlerMapping : Mapped "{[/api/users/{id}],methods=[PUT]}" onto public org.springframework.http.ResponseEntity<ch.fhnw.wodss.backend.messaging.UpdateMessage> ch.fhnw.wodss.backend.web.rest.UserController.updateData(java.lang.Long,ch.fhnw.wodss.backend.dto.UserDataChangeDto)
2018-05-28 13:51:35.885  INFO 46815 --- [    Test worker] s.w.s.m.m.a.RequestMappingHandlerMapping : Mapped "{[/api/users/{id}],methods=[POST]}" onto public org.springframework.http.ResponseEntity<ch.fhnw.wodss.backend.dto.UserPrivateDto> ch.fhnw.wodss.backend.web.rest.UserController.updatePassword(java.lang.Long,ch.fhnw.wodss.backend.dto.UserPasswordChangeDto)
2018-05-28 13:51:35.886  INFO 46815 --- [    Test worker] s.w.s.m.m.a.RequestMappingHandlerMapping : Mapped "{[/api/users/passwordreset/request],methods=[POST]}" onto public org.springframework.http.ResponseEntity<java.lang.Void> ch.fhnw.wodss.backend.web.rest.UserController.resetPasswordRequest(ch.fhnw.wodss.backend.dto.UserPasswordResetRequestDto)
2018-05-28 13:51:35.887  INFO 46815 --- [    Test worker] s.w.s.m.m.a.RequestMappingHandlerMapping : Mapped "{[/api/users/passwordreset],methods=[POST]}" onto public org.springframework.http.ResponseEntity<java.lang.Void> ch.fhnw.wodss.backend.web.rest.UserController.resetPassword(ch.fhnw.wodss.backend.dto.UserPasswordResetDto)
2018-05-28 13:51:35.892  INFO 46815 --- [    Test worker] s.w.s.m.m.a.RequestMappingHandlerMapping : Mapped "{[/swagger-resources/configuration/security]}" onto public org.springframework.http.ResponseEntity<springfox.documentation.swagger.web.SecurityConfiguration> springfox.documentation.swagger.web.ApiResourceController.securityConfiguration()
2018-05-28 13:51:35.893  INFO 46815 --- [    Test worker] s.w.s.m.m.a.RequestMappingHandlerMapping : Mapped "{[/swagger-resources/configuration/ui]}" onto public org.springframework.http.ResponseEntity<springfox.documentation.swagger.web.UiConfiguration> springfox.documentation.swagger.web.ApiResourceController.uiConfiguration()
2018-05-28 13:51:35.895  INFO 46815 --- [    Test worker] s.w.s.m.m.a.RequestMappingHandlerMapping : Mapped "{[/swagger-resources]}" onto public org.springframework.http.ResponseEntity<java.util.List<springfox.documentation.swagger.web.SwaggerResource>> springfox.documentation.swagger.web.ApiResourceController.swaggerResources()
2018-05-28 13:51:35.901  INFO 46815 --- [    Test worker] s.w.s.m.m.a.RequestMappingHandlerMapping : Mapped "{[/error]}" onto public org.springframework.http.ResponseEntity<java.util.Map<java.lang.String, java.lang.Object>> org.springframework.boot.autoconfigure.web.servlet.error.BasicErrorController.error(javax.servlet.http.HttpServletRequest)
2018-05-28 13:51:35.903  INFO 46815 --- [    Test worker] s.w.s.m.m.a.RequestMappingHandlerMapping : Mapped "{[/error],produces=[text/html]}" onto public org.springframework.web.servlet.ModelAndView org.springframework.boot.autoconfigure.web.servlet.error.BasicErrorController.errorHtml(javax.servlet.http.HttpServletRequest,javax.servlet.http.HttpServletResponse)
2018-05-28 13:51:36.074  INFO 46815 --- [    Test worker] o.s.s.c.ThreadPoolTaskScheduler          : Initializing ExecutorService  'messageBrokerTaskScheduler'
2018-05-28 13:51:36.148  INFO 46815 --- [    Test worker] o.s.w.s.s.s.WebSocketHandlerMapping      : Mapped URL path [/api/stomp/**] onto handler of type [class org.springframework.web.socket.sockjs.support.SockJsHttpRequestHandler]
2018-05-28 13:51:36.170  INFO 46815 --- [    Test worker] o.s.s.concurrent.ThreadPoolTaskExecutor  : Initializing ExecutorService  'brokerChannelExecutor'
2018-05-28 13:51:36.598  INFO 46815 --- [    Test worker] o.s.s.w.a.c.ChannelProcessingFilter      : Validated configuration attributes
2018-05-28 13:51:36.640  INFO 46815 --- [    Test worker] o.s.s.web.DefaultSecurityFilterChain     : Creating filter chain: org.springframework.security.web.util.matcher.AnyRequestMatcher@1, [org.springframework.security.web.access.channel.ChannelProcessingFilter@58203d2f, org.springframework.security.web.context.request.async.WebAsyncManagerIntegrationFilter@1ef92dc9, org.springframework.security.web.context.SecurityContextPersistenceFilter@20a6620, org.springframework.security.web.header.HeaderWriterFilter@7bc75073, org.springframework.security.web.authentication.logout.LogoutFilter@22de6cd7, org.springframework.security.web.authentication.UsernamePasswordAuthenticationFilter@6f380296, org.springframework.security.web.savedrequest.RequestCacheAwareFilter@213fed7d, org.springframework.security.web.servletapi.SecurityContextHolderAwareRequestFilter@7d314f0a, org.springframework.security.web.authentication.AnonymousAuthenticationFilter@70dbf4a9, org.springframework.security.web.session.SessionManagementFilter@552867a2, org.springframework.security.web.access.ExceptionTranslationFilter@650e0841, org.springframework.security.web.access.intercept.FilterSecurityInterceptor@26d63a11]
2018-05-28 13:51:36.907  INFO 46815 --- [    Test worker] pertySourcedRequestMappingHandlerMapping : Mapped URL path [/api/swagger] onto method [public org.springframework.http.ResponseEntity<springfox.documentation.spring.web.json.Json> springfox.documentation.swagger2.web.Swagger2Controller.getDocumentation(java.lang.String,javax.servlet.http.HttpServletRequest)]
2018-05-28 13:51:37.071  INFO 46815 --- [    Test worker] o.s.w.s.handler.SimpleUrlHandlerMapping  : Mapped URL path [/**/favicon.ico] onto handler of type [class org.springframework.web.servlet.resource.ResourceHttpRequestHandler]
2018-05-28 13:51:37.227  INFO 46815 --- [    Test worker] s.w.s.m.m.a.RequestMappingHandlerAdapter : Looking for @ControllerAdvice: org.springframework.web.context.support.GenericWebApplicationContext@5e71e735: startup date [Mon May 28 13:51:27 CEST 2018]; root of context hierarchy
2018-05-28 13:51:37.312  INFO 46815 --- [    Test worker] o.s.w.s.handler.SimpleUrlHandlerMapping  : Mapped URL path [/webjars/**] onto handler of type [class org.springframework.web.servlet.resource.ResourceHttpRequestHandler]
2018-05-28 13:51:37.313  INFO 46815 --- [    Test worker] o.s.w.s.handler.SimpleUrlHandlerMapping  : Mapped URL path [/**] onto handler of type [class org.springframework.web.servlet.resource.ResourceHttpRequestHandler]
2018-05-28 13:51:37.336  INFO 46815 --- [    Test worker] .m.m.a.ExceptionHandlerExceptionResolver : Detected @ExceptionHandler methods in exceptionHandlerAdvice
2018-05-28 13:51:37.712  INFO 46815 --- [    Test worker] o.s.c.support.DefaultLifecycleProcessor  : Starting beans in phase 2147483647
2018-05-28 13:51:37.712  INFO 46815 --- [    Test worker] d.s.w.p.DocumentationPluginsBootstrapper : Context refreshed
2018-05-28 13:51:37.731  INFO 46815 --- [    Test worker] d.s.w.p.DocumentationPluginsBootstrapper : Found 1 custom documentation plugin(s)
2018-05-28 13:51:37.784  INFO 46815 --- [    Test worker] s.d.s.w.s.ApiListingReferenceScanner     : Scanning for api listing references
2018-05-28 13:51:37.966  INFO 46815 --- [    Test worker] .d.s.w.r.o.CachingOperationNameGenerator : Generating unique operation named: createUsingPOST_1
2018-05-28 13:51:37.980  INFO 46815 --- [    Test worker] .d.s.w.r.o.CachingOperationNameGenerator : Generating unique operation named: findAllUsingGET_1
2018-05-28 13:51:37.997  INFO 46815 --- [    Test worker] .d.s.w.r.o.CachingOperationNameGenerator : Generating unique operation named: findAllUsingGET_2
2018-05-28 13:51:38.005  INFO 46815 --- [    Test worker] .d.s.w.r.o.CachingOperationNameGenerator : Generating unique operation named: updateUsingPUT_1
2018-05-28 13:51:38.008  INFO 46815 --- [    Test worker] .d.s.w.r.o.CachingOperationNameGenerator : Generating unique operation named: findAllUsingGET_3
2018-05-28 13:51:38.019  INFO 46815 --- [    Test worker] .d.s.w.r.o.CachingOperationNameGenerator : Generating unique operation named: createUsingPOST_2
2018-05-28 13:51:38.023  INFO 46815 --- [    Test worker] .d.s.w.r.o.CachingOperationNameGenerator : Generating unique operation named: findAllUsingGET_4
2018-05-28 13:51:38.065  INFO 46815 --- [    Test worker] o.s.m.s.b.SimpleBrokerMessageHandler     : Starting...
2018-05-28 13:51:38.066  INFO 46815 --- [    Test worker] o.s.m.s.b.SimpleBrokerMessageHandler     : BrokerAvailabilityEvent[available=true, SimpleBrokerMessageHandler [DefaultSubscriptionRegistry[cache[0 destination(s)], registry[0 sessions]]]]
2018-05-28 13:51:38.069  INFO 46815 --- [    Test worker] o.s.m.s.b.SimpleBrokerMessageHandler     : Started.
2018-05-28 13:51:38.085  INFO 46815 --- [    Test worker] c.f.w.backend.web.UserControllerTest     : Started UserControllerTest in 11.162 seconds (JVM running for 12.904)
2018-05-28 13:51:38.132  INFO 46815 --- [    Test worker] o.s.b.t.m.w.SpringBootMockServletContext : Initializing Spring FrameworkServlet ''
2018-05-28 13:51:38.134  INFO 46815 --- [    Test worker] o.s.t.web.servlet.TestDispatcherServlet  : FrameworkServlet '': initialization started
2018-05-28 13:51:38.157  INFO 46815 --- [    Test worker] o.s.t.web.servlet.TestDispatcherServlet  : FrameworkServlet '': initialization completed in 22 ms
2018-05-28 13:51:38.367  INFO 46815 --- [    Test worker] o.s.b.t.m.w.SpringBootMockServletContext : Initializing Spring FrameworkServlet ''
2018-05-28 13:51:38.368  INFO 46815 --- [    Test worker] o.s.t.web.servlet.TestDispatcherServlet  : FrameworkServlet '': initialization started
2018-05-28 13:51:38.373  INFO 46815 --- [    Test worker] o.s.t.web.servlet.TestDispatcherServlet  : FrameworkServlet '': initialization completed in 4 ms
2018-05-28 13:51:38.395  INFO 46815 --- [    Test worker] o.s.b.t.m.w.SpringBootMockServletContext : Initializing Spring FrameworkServlet ''
2018-05-28 13:51:38.395  INFO 46815 --- [    Test worker] o.s.t.web.servlet.TestDispatcherServlet  : FrameworkServlet '': initialization started
2018-05-28 13:51:38.402  INFO 46815 --- [    Test worker] o.s.t.web.servlet.TestDispatcherServlet  : FrameworkServlet '': initialization completed in 6 ms
2018-05-28 13:51:38.410  WARN 46815 --- [    Test worker] c.f.w.b.w.e.ExceptionHandlerAdvice       : A ResourceException was thrown: 400 - An unexpected error occured.
2018-05-28 13:51:38.421  INFO 46815 --- [    Test worker] o.s.b.t.m.w.SpringBootMockServletContext : Initializing Spring FrameworkServlet ''
2018-05-28 13:51:38.421  INFO 46815 --- [    Test worker] o.s.t.web.servlet.TestDispatcherServlet  : FrameworkServlet '': initialization started
2018-05-28 13:51:38.425  INFO 46815 --- [    Test worker] o.s.t.web.servlet.TestDispatcherServlet  : FrameworkServlet '': initialization completed in 3 ms
2018-05-28 13:51:38.444  INFO 46815 --- [    Test worker] o.s.b.t.m.w.SpringBootMockServletContext : Initializing Spring FrameworkServlet ''
2018-05-28 13:51:38.444  INFO 46815 --- [    Test worker] o.s.t.web.servlet.TestDispatcherServlet  : FrameworkServlet '': initialization started
2018-05-28 13:51:38.451  INFO 46815 --- [    Test worker] o.s.t.web.servlet.TestDispatcherServlet  : FrameworkServlet '': initialization completed in 6 ms
2018-05-28 13:51:38.462  INFO 46815 --- [    Test worker] o.s.b.t.m.w.SpringBootMockServletContext : Initializing Spring FrameworkServlet ''
2018-05-28 13:51:38.463  INFO 46815 --- [    Test worker] o.s.t.web.servlet.TestDispatcherServlet  : FrameworkServlet '': initialization started
2018-05-28 13:51:38.469  INFO 46815 --- [    Test worker] o.s.t.web.servlet.TestDispatcherServlet  : FrameworkServlet '': initialization completed in 5 ms
2018-05-28 13:51:38.476  INFO 46815 --- [    Test worker] o.s.b.t.m.w.SpringBootMockServletContext : Initializing Spring FrameworkServlet ''
2018-05-28 13:51:38.477  INFO 46815 --- [    Test worker] o.s.t.web.servlet.TestDispatcherServlet  : FrameworkServlet '': initialization started
2018-05-28 13:51:38.482  INFO 46815 --- [    Test worker] o.s.t.web.servlet.TestDispatcherServlet  : FrameworkServlet '': initialization completed in 5 ms
2018-05-28 13:51:38.491  INFO 46815 --- [    Test worker] o.s.b.t.m.w.SpringBootMockServletContext : Initializing Spring FrameworkServlet ''
2018-05-28 13:51:38.492  INFO 46815 --- [    Test worker] o.s.t.web.servlet.TestDispatcherServlet  : FrameworkServlet '': initialization started
2018-05-28 13:51:38.498  INFO 46815 --- [    Test worker] o.s.t.web.servlet.TestDispatcherServlet  : FrameworkServlet '': initialization completed in 5 ms
2018-05-28 13:51:38.510  INFO 46815 --- [    Test worker] o.s.b.t.m.w.SpringBootMockServletContext : Initializing Spring FrameworkServlet ''
2018-05-28 13:51:38.510  INFO 46815 --- [    Test worker] o.s.t.web.servlet.TestDispatcherServlet  : FrameworkServlet '': initialization started
2018-05-28 13:51:38.515  INFO 46815 --- [    Test worker] o.s.t.web.servlet.TestDispatcherServlet  : FrameworkServlet '': initialization completed in 5 ms
2018-05-28 13:51:38.527  INFO 46815 --- [    Test worker] o.s.b.t.m.w.SpringBootMockServletContext : Initializing Spring FrameworkServlet ''
2018-05-28 13:51:38.528  INFO 46815 --- [    Test worker] o.s.t.web.servlet.TestDispatcherServlet  : FrameworkServlet '': initialization started
2018-05-28 13:51:38.534  INFO 46815 --- [    Test worker] o.s.t.web.servlet.TestDispatcherServlet  : FrameworkServlet '': initialization completed in 6 ms
2018-05-28 13:51:38.538  WARN 46815 --- [    Test worker] c.f.w.b.w.e.ExceptionHandlerAdvice       : A ResourceException was thrown: 400 - null
2018-05-28 13:51:38.581  INFO 46815 --- [    Test worker] o.s.b.t.m.w.SpringBootMockServletContext : Initializing Spring FrameworkServlet ''
2018-05-28 13:51:38.593  INFO 46815 --- [    Test worker] o.s.t.web.servlet.TestDispatcherServlet  : FrameworkServlet '': initialization started
2018-05-28 13:51:38.610  INFO 46815 --- [    Test worker] o.s.t.web.servlet.TestDispatcherServlet  : FrameworkServlet '': initialization completed in 15 ms
2018-05-28 13:51:38.620  INFO 46815 --- [    Test worker] o.s.b.t.m.w.SpringBootMockServletContext : Initializing Spring FrameworkServlet ''
2018-05-28 13:51:38.621  INFO 46815 --- [    Test worker] o.s.t.web.servlet.TestDispatcherServlet  : FrameworkServlet '': initialization started
2018-05-28 13:51:38.635  INFO 46815 --- [    Test worker] o.s.t.web.servlet.TestDispatcherServlet  : FrameworkServlet '': initialization completed in 13 ms
2018-05-28 13:51:38.686  INFO 46815 --- [    Test worker] o.s.b.t.m.w.SpringBootMockServletContext : Initializing Spring FrameworkServlet ''
2018-05-28 13:51:38.687  INFO 46815 --- [    Test worker] o.s.t.web.servlet.TestDispatcherServlet  : FrameworkServlet '': initialization started
2018-05-28 13:51:38.695  INFO 46815 --- [    Test worker] o.s.t.web.servlet.TestDispatcherServlet  : FrameworkServlet '': initialization completed in 8 ms
2018-05-28 13:51:38.727  INFO 46815 --- [    Test worker] o.s.b.t.m.w.SpringBootMockServletContext : Initializing Spring FrameworkServlet ''
2018-05-28 13:51:38.740  INFO 46815 --- [    Test worker] o.s.t.web.servlet.TestDispatcherServlet  : FrameworkServlet '': initialization started
2018-05-28 13:51:38.748  INFO 46815 --- [    Test worker] o.s.t.web.servlet.TestDispatcherServlet  : FrameworkServlet '': initialization completed in 7 ms
2018-05-28 13:51:38.787  INFO 46815 --- [    Test worker] o.s.b.t.m.w.SpringBootMockServletContext : Initializing Spring FrameworkServlet ''
2018-05-28 13:51:38.789  INFO 46815 --- [    Test worker] o.s.t.web.servlet.TestDispatcherServlet  : FrameworkServlet '': initialization started
2018-05-28 13:51:38.794  INFO 46815 --- [    Test worker] o.s.t.web.servlet.TestDispatcherServlet  : FrameworkServlet '': initialization completed in 5 ms
2018-05-28 13:51:38.807  INFO 46815 --- [    Test worker] o.s.b.t.m.w.SpringBootMockServletContext : Initializing Spring FrameworkServlet ''
2018-05-28 13:51:38.809  INFO 46815 --- [    Test worker] o.s.t.web.servlet.TestDispatcherServlet  : FrameworkServlet '': initialization started
2018-05-28 13:51:38.821  INFO 46815 --- [    Test worker] o.s.t.web.servlet.TestDispatcherServlet  : FrameworkServlet '': initialization completed in 11 ms
2018-05-28 13:51:38.827  WARN 46815 --- [    Test worker] c.f.w.b.w.e.ExceptionHandlerAdvice       : A ResourceException was thrown: 400 - An unexpected error occured.
2018-05-28 13:51:38.839  INFO 46815 --- [    Test worker] o.s.b.t.m.w.SpringBootMockServletContext : Initializing Spring FrameworkServlet ''
2018-05-28 13:51:38.840  INFO 46815 --- [    Test worker] o.s.t.web.servlet.TestDispatcherServlet  : FrameworkServlet '': initialization started
2018-05-28 13:51:38.846  INFO 46815 --- [    Test worker] o.s.t.web.servlet.TestDispatcherServlet  : FrameworkServlet '': initialization completed in 6 ms
2018-05-28 13:51:38.861  INFO 46815 --- [    Test worker] o.s.b.t.m.w.SpringBootMockServletContext : Initializing Spring FrameworkServlet ''
2018-05-28 13:51:38.862  INFO 46815 --- [    Test worker] o.s.t.web.servlet.TestDispatcherServlet  : FrameworkServlet '': initialization started
2018-05-28 13:51:38.867  INFO 46815 --- [    Test worker] o.s.t.web.servlet.TestDispatcherServlet  : FrameworkServlet '': initialization completed in 5 ms
2018-05-28 13:51:38.871  WARN 46815 --- [    Test worker] c.f.w.b.w.e.ExceptionHandlerAdvice       : A ResourceException was thrown: 400 - An unexpected error occured.
2018-05-28 13:51:38.877  INFO 46815 --- [    Test worker] o.s.b.t.m.w.SpringBootMockServletContext : Initializing Spring FrameworkServlet ''
2018-05-28 13:51:38.878  INFO 46815 --- [    Test worker] o.s.t.web.servlet.TestDispatcherServlet  : FrameworkServlet '': initialization started
2018-05-28 13:51:38.884  INFO 46815 --- [    Test worker] o.s.t.web.servlet.TestDispatcherServlet  : FrameworkServlet '': initialization completed in 6 ms
2018-05-28 13:51:38.904  INFO 46815 --- [    Test worker] o.s.b.t.m.w.SpringBootMockServletContext : Initializing Spring FrameworkServlet ''
2018-05-28 13:51:38.906  INFO 46815 --- [    Test worker] o.s.t.web.servlet.TestDispatcherServlet  : FrameworkServlet '': initialization started
2018-05-28 13:51:38.914  INFO 46815 --- [    Test worker] o.s.t.web.servlet.TestDispatcherServlet  : FrameworkServlet '': initialization completed in 6 ms
2018-05-28 13:51:38.924  INFO 46815 --- [    Test worker] o.s.b.t.m.w.SpringBootMockServletContext : Initializing Spring FrameworkServlet ''
2018-05-28 13:51:38.924  INFO 46815 --- [    Test worker] o.s.t.web.servlet.TestDispatcherServlet  : FrameworkServlet '': initialization started
2018-05-28 13:51:38.929  INFO 46815 --- [    Test worker] o.s.t.web.servlet.TestDispatcherServlet  : FrameworkServlet '': initialization completed in 5 ms
2018-05-28 13:51:38.941  INFO 46815 --- [    Test worker] o.s.b.t.m.w.SpringBootMockServletContext : Initializing Spring FrameworkServlet ''
2018-05-28 13:51:38.942  INFO 46815 --- [    Test worker] o.s.t.web.servlet.TestDispatcherServlet  : FrameworkServlet '': initialization started
2018-05-28 13:51:38.947  INFO 46815 --- [    Test worker] o.s.t.web.servlet.TestDispatcherServlet  : FrameworkServlet '': initialization completed in 5 ms
2018-05-28 13:51:38.966  INFO 46815 --- [    Test worker] o.s.b.t.m.w.SpringBootMockServletContext : Initializing Spring FrameworkServlet ''
2018-05-28 13:51:38.967  INFO 46815 --- [    Test worker] o.s.t.web.servlet.TestDispatcherServlet  : FrameworkServlet '': initialization started
2018-05-28 13:51:38.977  INFO 46815 --- [    Test worker] o.s.t.web.servlet.TestDispatcherServlet  : FrameworkServlet '': initialization completed in 6 ms
2018-05-28 13:51:38.981  WARN 46815 --- [    Test worker] c.f.w.b.w.e.ExceptionHandlerAdvice       : A ResourceException was thrown: 400 - null
]]></system-out>
  <system-err><![CDATA[May 28, 2018 1:51:26 PM org.springframework.boot.test.context.SpringBootTestContextBootstrapper buildDefaultMergedContextConfiguration
INFO: Neither @ContextConfiguration nor @ContextHierarchy found for test class [ch.fhnw.wodss.backend.web.UserControllerTest], using SpringBootContextLoader
May 28, 2018 1:51:26 PM org.springframework.test.context.support.AbstractContextLoader generateDefaultLocations
INFO: Could not detect default resource locations for test class [ch.fhnw.wodss.backend.web.UserControllerTest]: no resource found for suffixes {-context.xml, Context.groovy}.
May 28, 2018 1:51:26 PM org.springframework.boot.test.context.SpringBootTestContextBootstrapper getDefaultTestExecutionListenerClassNames
INFO: Loaded default TestExecutionListener class names from location [META-INF/spring.factories]: [org.springframework.security.test.context.support.WithSecurityContextTestExecutionListener, org.springframework.security.test.context.support.ReactorContextTestExecutionListener, org.springframework.boot.test.autoconfigure.restdocs.RestDocsTestExecutionListener, org.springframework.boot.test.autoconfigure.web.client.MockRestServiceServerResetTestExecutionListener, org.springframework.boot.test.autoconfigure.web.servlet.MockMvcPrintOnlyOnFailureTestExecutionListener, org.springframework.boot.test.autoconfigure.web.servlet.WebDriverTestExecutionListener, org.springframework.boot.test.mock.mockito.MockitoTestExecutionListener, org.springframework.boot.test.mock.mockito.ResetMocksTestExecutionListener, org.springframework.test.context.web.ServletTestExecutionListener, org.springframework.test.context.support.DirtiesContextBeforeModesTestExecutionListener, org.springframework.test.context.support.DependencyInjectionTestExecutionListener, org.springframework.test.context.support.DirtiesContextTestExecutionListener, org.springframework.test.context.transaction.TransactionalTestExecutionListener, org.springframework.test.context.jdbc.SqlScriptsTestExecutionListener]
May 28, 2018 1:51:26 PM org.springframework.boot.test.context.SpringBootTestContextBootstrapper getTestExecutionListeners
INFO: Using TestExecutionListeners: [org.springframework.test.context.web.ServletTestExecutionListener@3b3c16d5, org.springframework.test.context.support.DirtiesContextBeforeModesTestExecutionListener@1c6e7239, org.springframework.boot.test.mock.mockito.MockitoTestExecutionListener@2f5d4355, org.springframework.boot.test.autoconfigure.SpringBootDependencyInjectionTestExecutionListener@5d3dd38f, org.springframework.test.context.support.DirtiesContextTestExecutionListener@6ecec43, org.springframework.test.context.transaction.TransactionalTestExecutionListener@69fca91d, org.springframework.test.context.jdbc.SqlScriptsTestExecutionListener@2c7e189c, org.springframework.security.test.context.support.WithSecurityContextTestExecutionListener@1f6c1737, org.springframework.security.test.context.support.ReactorContextTestExecutionListener@7e837e6d, org.springframework.boot.test.autoconfigure.restdocs.RestDocsTestExecutionListener@723b94e1, org.springframework.boot.test.autoconfigure.web.client.MockRestServiceServerResetTestExecutionListener@2e5dc8c2, org.springframework.boot.test.autoconfigure.web.servlet.MockMvcPrintOnlyOnFailureTestExecutionListener@5177b791, org.springframework.boot.test.autoconfigure.web.servlet.WebDriverTestExecutionListener@34e2cbc4, org.springframework.boot.test.mock.mockito.ResetMocksTestExecutionListener@1a50cd25]
]]></system-err>
</testsuite>
